[0.531s] Invoking command in '/home/ubuntu/robot_ws/build/serial_motor_demo': AMENT_PREFIX_PATH=/home/ubuntu/robot_ws/install/serial_motor_demo_msgs:${AMENT_PREFIX_PATH} PYTHONPATH=/home/ubuntu/robot_ws/build/serial_motor_demo/prefix_override:/usr/lib/python3/dist-packages/colcon_core/task/python/colcon_distutils_commands:/home/ubuntu/robot_ws/install/serial_motor_demo/lib/python3.10/site-packages:/home/ubuntu/robot_ws/install/serial_motor_demo_msgs/local/lib/python3.10/dist-packages:${PYTHONPATH} /usr/bin/python3 -W ignore:setup.py install is deprecated -W ignore:easy_install command is deprecated setup.py develop --editable --build-directory /home/ubuntu/robot_ws/build/serial_motor_demo/build --no-deps symlink_data
[0.724s] /usr/lib/python3/dist-packages/setuptools/dist.py:723: UserWarning: Usage of dash-separated 'script-dir' will not be supported in future versions. Please use the underscore name 'script_dir' instead
[0.724s]   warnings.warn(
[0.749s] running develop
[0.884s] running egg_info
[0.884s] creating serial_motor_demo.egg-info
[0.884s] writing serial_motor_demo.egg-info/PKG-INFO
[0.884s] writing dependency_links to serial_motor_demo.egg-info/dependency_links.txt
[0.885s] writing entry points to serial_motor_demo.egg-info/entry_points.txt
[0.885s] writing requirements to serial_motor_demo.egg-info/requires.txt
[0.885s] writing top-level names to serial_motor_demo.egg-info/top_level.txt
[0.885s] writing manifest file 'serial_motor_demo.egg-info/SOURCES.txt'
[0.885s] reading manifest file 'serial_motor_demo.egg-info/SOURCES.txt'
[0.885s] writing manifest file 'serial_motor_demo.egg-info/SOURCES.txt'
[0.886s] running build_ext
[0.887s] Creating /home/ubuntu/robot_ws/install/serial_motor_demo/lib/python3.10/site-packages/serial-motor-demo.egg-link (link to .)
[0.887s] Installing driver script to /home/ubuntu/robot_ws/install/serial_motor_demo/lib/serial_motor_demo
[0.887s] Installing gui script to /home/ubuntu/robot_ws/install/serial_motor_demo/lib/serial_motor_demo
[0.887s] 
[0.888s] Installed /home/ubuntu/robot_ws/build/serial_motor_demo
[0.888s] running symlink_data
[0.888s] creating /home/ubuntu/robot_ws/install/serial_motor_demo/share/ament_index
[0.888s] creating /home/ubuntu/robot_ws/install/serial_motor_demo/share/ament_index/resource_index
[0.888s] creating /home/ubuntu/robot_ws/install/serial_motor_demo/share/ament_index/resource_index/packages
[0.888s] symbolically linking /home/ubuntu/robot_ws/build/serial_motor_demo/resource/serial_motor_demo -> /home/ubuntu/robot_ws/install/serial_motor_demo/share/ament_index/resource_index/packages
[0.888s] symbolically linking /home/ubuntu/robot_ws/build/serial_motor_demo/package.xml -> /home/ubuntu/robot_ws/install/serial_motor_demo/share/serial_motor_demo
[0.913s] Invoked command in '/home/ubuntu/robot_ws/build/serial_motor_demo' returned '0': AMENT_PREFIX_PATH=/home/ubuntu/robot_ws/install/serial_motor_demo_msgs:${AMENT_PREFIX_PATH} PYTHONPATH=/home/ubuntu/robot_ws/build/serial_motor_demo/prefix_override:/usr/lib/python3/dist-packages/colcon_core/task/python/colcon_distutils_commands:/home/ubuntu/robot_ws/install/serial_motor_demo/lib/python3.10/site-packages:/home/ubuntu/robot_ws/install/serial_motor_demo_msgs/local/lib/python3.10/dist-packages:${PYTHONPATH} /usr/bin/python3 -W ignore:setup.py install is deprecated -W ignore:easy_install command is deprecated setup.py develop --editable --build-directory /home/ubuntu/robot_ws/build/serial_motor_demo/build --no-deps symlink_data
