[0.008s] Invoking command in '/home/ubuntu/robot_ws/build/rviz_plugin_tutorials': CMAKE_PREFIX_PATH=/opt/ros/humble /usr/bin/cmake /home/ubuntu/robot_ws/src/visualization_tutorials/rviz_plugin_tutorials -DCMAKE_INSTALL_PREFIX=/home/ubuntu/robot_ws/install/rviz_plugin_tutorials
[0.019s] -- Found ament_cmake: 1.3.12 (/opt/ros/humble/share/ament_cmake/cmake)
[0.111s] -- Override CMake install command with custom implementation using symlinks instead of copying resources
[0.117s] -- Found geometry_msgs: 4.9.0 (/opt/ros/humble/share/geometry_msgs/cmake)
[0.138s] -- Found rosidl_generator_c: 3.1.7 (/opt/ros/humble/share/rosidl_generator_c/cmake)
[0.140s] -- Found rosidl_adapter: 3.1.7 (/opt/ros/humble/share/rosidl_adapter/cmake)
[0.144s] -- Found rosidl_generator_cpp: 3.1.7 (/opt/ros/humble/share/rosidl_generator_cpp/cmake)
[0.151s] -- Using all available rosidl_typesupport_c: rosidl_typesupport_fastrtps_c;rosidl_typesupport_introspection_c
[0.161s] -- Using all available rosidl_typesupport_cpp: rosidl_typesupport_fastrtps_cpp;rosidl_typesupport_introspection_cpp
[0.189s] -- Found pluginlib: 5.1.2 (/opt/ros/humble/share/pluginlib/cmake)
[0.209s] -- Found rclcpp: 16.0.16 (/opt/ros/humble/share/rclcpp/cmake)
[0.228s] -- Found rmw_implementation_cmake: 6.1.2 (/opt/ros/humble/share/rmw_implementation_cmake/cmake)
[0.229s] -- Found rmw_fastrtps_cpp: 6.2.9 (/opt/ros/humble/share/rmw_fastrtps_cpp/cmake)
[0.243s] -- Found TinyXML2 via Config file: TinyXML2_DIR-NOTFOUND
[0.251s] -- Found TinyXML2 via Config file: TinyXML2_DIR-NOTFOUND
[0.265s] -- Found TinyXML2 via Config file: TinyXML2_DIR-NOTFOUND
[0.272s] -- Found TinyXML2 via Config file: TinyXML2_DIR-NOTFOUND
[0.280s] -- Using RMW implementation 'rmw_fastrtps_cpp' as default
[0.309s] -- Found resource_retriever: 3.1.3 (/opt/ros/humble/share/resource_retriever/cmake)
[0.331s] -- library: /usr/lib/x86_64-linux-gnu/libcurl.so
[0.332s] -- Found rviz_common: 11.2.23 (/opt/ros/humble/share/rviz_common/cmake)
[0.334s] -- Setting assimp_DIR to: '/opt/ros/humble/share/rviz_assimp_vendor/cmake/../../../opt/rviz_assimp_vendor/lib/cmake/assimp-4.1'
[0.337s] -- Setting OGRE_DIR to: '/opt/ros/humble/share/rviz_ogre_vendor/cmake/../../../opt/rviz_ogre_vendor/lib/OGRE/cmake'
[0.338s] -- Found OGRE
[0.338s] --   static     : OFF
[0.338s] --   components : HLMS;MeshLodGenerator;Overlay;Paging;Property;RTShaderSystem;Terrain;Volume
[0.338s] --   plugins    : Plugin_BSPSceneManager;Plugin_OctreeSceneManager;Plugin_PCZSceneManager;Plugin_ParticleFX;RenderSystem_GL;RenderSystem_GL3Plus;Codec_STBI
[0.338s] --   media      : /opt/ros/humble/opt/rviz_ogre_vendor/share/OGRE/Media
[0.338s] -- OGRE_LIBRARIES: OgreHLMS;OgreMeshLodGenerator;OgreOverlay;OgrePaging;OgreProperty;OgreRTShaderSystem;OgreTerrain;OgreVolume;OgreMain
[0.338s] -- OGRE_LIBRARY_DIRS: /opt/ros/humble/opt/rviz_ogre_vendor/lib
[0.338s] -- OGRE_PLUGINS: Plugin_BSPSceneManager;Plugin_OctreeSceneManager;Plugin_PCZSceneManager;Plugin_ParticleFX;RenderSystem_GL;RenderSystem_GL3Plus;Codec_STBI
[0.339s] -- OGRE_PLUGIN_DIR: /opt/ros/humble/opt/rviz_ogre_vendor/lib/OGRE
[0.339s] -- rviz_ogre_vendor::OgreOverlay for IMPORTED_LOCATION_RELEASE: /opt/ros/humble/opt/rviz_ogre_vendor/lib/libOgreOverlay.so
[0.339s] -- rviz_ogre_vendor::OgreOverlay for IMPORTED_LOCATION_DEBUG: /opt/ros/humble/opt/rviz_ogre_vendor/lib/libOgreOverlay.so
[0.339s] -- rviz_ogre_vendor::OgreMain for IMPORTED_LOCATION_RELEASE: /opt/ros/humble/opt/rviz_ogre_vendor/lib/libOgreMain.so
[0.339s] -- rviz_ogre_vendor::OgreMain for IMPORTED_LOCATION_DEBUG: /opt/ros/humble/opt/rviz_ogre_vendor/lib/libOgreMain.so
[0.398s] -- Ensuring Eigen3 include directory is part of orocos-kdl CMake target
[0.468s] -- Found ament_lint_auto: 0.12.14 (/opt/ros/humble/share/ament_lint_auto/cmake)
[0.523s] -- Deploy OGRE media
[0.524s] -- Added test 'copyright' to check source files copyright and LICENSE
[0.526s] -- Added test 'cppcheck' to perform static code analysis on C / C++ code
[0.526s] -- Configured cppcheck include dirs: 
[0.526s] -- Configured cppcheck exclude dirs and/or files: 
[0.527s] -- Added test 'cpplint' to check C / C++ code against the Google style
[0.528s] -- Configured cpplint exclude dirs and/or files: 
[0.528s] -- Added test 'flake8' to check Python code syntax and style conventions
[0.528s] -- Added test 'lint_cmake' to check CMake code style
[0.529s] -- Added test 'pep257' to check Python code against some of the docstring style conventions in PEP 257
[0.531s] -- Added test 'uncrustify' to check C / C++ code style
[0.531s] -- Configured uncrustify additional arguments: 
[0.531s] -- Added test 'xmllint' to check XML markup files
[0.532s] -- Configuring done
[0.557s] -- Generating done
[0.561s] -- Build files have been written to: /home/ubuntu/robot_ws/build/rviz_plugin_tutorials
[0.570s] Invoked command in '/home/ubuntu/robot_ws/build/rviz_plugin_tutorials' returned '0': CMAKE_PREFIX_PATH=/opt/ros/humble /usr/bin/cmake /home/ubuntu/robot_ws/src/visualization_tutorials/rviz_plugin_tutorials -DCMAKE_INSTALL_PREFIX=/home/ubuntu/robot_ws/install/rviz_plugin_tutorials
[0.572s] Invoking command in '/home/ubuntu/robot_ws/build/rviz_plugin_tutorials': CMAKE_PREFIX_PATH=/opt/ros/humble /usr/bin/cmake --build /home/ubuntu/robot_ws/build/rviz_plugin_tutorials -- -j16 -l16
[0.619s] [ 12%] Automatic MOC for target rviz_plugin_tutorials
[0.639s] [ 12%] Built target rviz_plugin_tutorials_autogen
[0.669s] Consolidate compiler generated dependencies of target rviz_plugin_tutorials
[0.686s] [ 25%] Building CXX object CMakeFiles/rviz_plugin_tutorials.dir/src/plant_flag_tool.cpp.o
[4.917s] /home/ubuntu/robot_ws/src/visualization_tutorials/rviz_plugin_tutorials/src/plant_flag_tool.cpp: In member function ‘virtual void rviz_plugin_tutorials::PlantFlagTool::onInitialize()’:
[4.917s] /home/ubuntu/robot_ws/src/visualization_tutorials/rviz_plugin_tutorials/src/plant_flag_tool.cpp:92:45: error: invalid initialization of reference of type ‘const string&’ {aka ‘const std::__cxx11::basic_string<char>&’} from expression of type ‘resource_retriever::Retriever*’
[4.917s]    92 |   if (!rviz_rendering::loadMeshFromResource(&this->retriever_, flag_resource_)) {
[4.917s]       |                                             ^~~~~~~~~~~~~~~~~
[4.918s] In file included from /home/ubuntu/robot_ws/src/visualization_tutorials/rviz_plugin_tutorials/src/plant_flag_tool.cpp:44:
[4.918s] /opt/ros/humble/include/rviz_rendering/rviz_rendering/mesh_loader.hpp:42:56: note: in passing argument 1 of ‘Ogre::MeshPtr rviz_rendering::loadMeshFromResource(const string&)’
[4.918s]    42 | Ogre::MeshPtr loadMeshFromResource(const std::string & resource_path);
[4.918s]       |                                    ~~~~~~~~~~~~~~~~~~~~^~~~~~~~~~~~~
[6.459s] gmake[2]: *** [CMakeFiles/rviz_plugin_tutorials.dir/build.make:132: CMakeFiles/rviz_plugin_tutorials.dir/src/plant_flag_tool.cpp.o] Error 1
[6.459s] gmake[1]: *** [CMakeFiles/Makefile2:138: CMakeFiles/rviz_plugin_tutorials.dir/all] Error 2
[6.460s] gmake: *** [Makefile:146: all] Error 2
[6.462s] Invoked command in '/home/ubuntu/robot_ws/build/rviz_plugin_tutorials' returned '2': CMAKE_PREFIX_PATH=/opt/ros/humble /usr/bin/cmake --build /home/ubuntu/robot_ws/build/rviz_plugin_tutorials -- -j16 -l16
