[0.039s] Invoking command in '/home/ubuntu/robot_ws/build/rviz_plugin_tutorials': CMAKE_PREFIX_PATH=${CMAKE_PREFIX_PATH}:/home/ubuntu/robot_ws/install/xv11_lidar_python:/home/ubuntu/robot_ws/install/serial_motor_demo:/home/ubuntu/robot_ws/install/joy_tester:/opt/ros/humble /usr/bin/cmake /home/ubuntu/robot_ws/src/visualization_tutorials/rviz_plugin_tutorials -DAMENT_CMAKE_SYMLINK_INSTALL=1 -DCMAKE_INSTALL_PREFIX=/home/ubuntu/robot_ws/install/rviz_plugin_tutorials
[0.406s] -- Found ament_cmake: 1.3.12 (/opt/ros/humble/share/ament_cmake/cmake)
[0.406s] -- Override CMake install command with custom implementation using symlinks instead of copying resources
[0.406s] -- Found geometry_msgs: 4.9.0 (/opt/ros/humble/share/geometry_msgs/cmake)
[0.406s] -- Found rosidl_generator_c: 3.1.7 (/opt/ros/humble/share/rosidl_generator_c/cmake)
[0.406s] -- Found rosidl_adapter: 3.1.7 (/opt/ros/humble/share/rosidl_adapter/cmake)
[0.406s] -- Found rosidl_generator_cpp: 3.1.7 (/opt/ros/humble/share/rosidl_generator_cpp/cmake)
[0.406s] -- Using all available rosidl_typesupport_c: rosidl_typesupport_fastrtps_c;rosidl_typesupport_introspection_c
[0.407s] -- Using all available rosidl_typesupport_cpp: rosidl_typesupport_fastrtps_cpp;rosidl_typesupport_introspection_cpp
[0.407s] -- Found pluginlib: 5.1.2 (/opt/ros/humble/share/pluginlib/cmake)
[0.407s] -- Found rclcpp: 16.0.16 (/opt/ros/humble/share/rclcpp/cmake)
[0.420s] -- Found rmw_implementation_cmake: 6.1.2 (/opt/ros/humble/share/rmw_implementation_cmake/cmake)
[0.422s] -- Found rmw_fastrtps_cpp: 6.2.9 (/opt/ros/humble/share/rmw_fastrtps_cpp/cmake)
[0.443s] -- Found TinyXML2 via Config file: TinyXML2_DIR-NOTFOUND
[0.452s] -- Found TinyXML2 via Config file: TinyXML2_DIR-NOTFOUND
[0.471s] -- Found TinyXML2 via Config file: TinyXML2_DIR-NOTFOUND
[0.481s] -- Found TinyXML2 via Config file: TinyXML2_DIR-NOTFOUND
[0.493s] -- Using RMW implementation 'rmw_fastrtps_cpp' as default
[0.529s] -- Found resource_retriever: 3.1.3 (/opt/ros/humble/share/resource_retriever/cmake)
[0.558s] -- library: /usr/lib/x86_64-linux-gnu/libcurl.so
[0.558s] -- Found rviz_common: 11.2.23 (/opt/ros/humble/share/rviz_common/cmake)
[0.561s] -- Setting assimp_DIR to: '/opt/ros/humble/share/rviz_assimp_vendor/cmake/../../../opt/rviz_assimp_vendor/lib/cmake/assimp-4.1'
[0.565s] -- Setting OGRE_DIR to: '/opt/ros/humble/share/rviz_ogre_vendor/cmake/../../../opt/rviz_ogre_vendor/lib/OGRE/cmake'
[0.566s] -- Found OGRE
[0.567s] --   static     : OFF
[0.567s] --   components : HLMS;MeshLodGenerator;Overlay;Paging;Property;RTShaderSystem;Terrain;Volume
[0.567s] --   plugins    : Plugin_BSPSceneManager;Plugin_OctreeSceneManager;Plugin_PCZSceneManager;Plugin_ParticleFX;RenderSystem_GL;RenderSystem_GL3Plus;Codec_STBI
[0.567s] --   media      : /opt/ros/humble/opt/rviz_ogre_vendor/share/OGRE/Media
[0.567s] -- OGRE_LIBRARIES: OgreHLMS;OgreMeshLodGenerator;OgreOverlay;OgrePaging;OgreProperty;OgreRTShaderSystem;OgreTerrain;OgreVolume;OgreMain
[0.567s] -- OGRE_LIBRARY_DIRS: /opt/ros/humble/opt/rviz_ogre_vendor/lib
[0.567s] -- OGRE_PLUGINS: Plugin_BSPSceneManager;Plugin_OctreeSceneManager;Plugin_PCZSceneManager;Plugin_ParticleFX;RenderSystem_GL;RenderSystem_GL3Plus;Codec_STBI
[0.567s] -- OGRE_PLUGIN_DIR: /opt/ros/humble/opt/rviz_ogre_vendor/lib/OGRE
[0.567s] -- rviz_ogre_vendor::OgreOverlay for IMPORTED_LOCATION_RELEASE: /opt/ros/humble/opt/rviz_ogre_vendor/lib/libOgreOverlay.so
[0.567s] -- rviz_ogre_vendor::OgreOverlay for IMPORTED_LOCATION_DEBUG: /opt/ros/humble/opt/rviz_ogre_vendor/lib/libOgreOverlay.so
[0.567s] -- rviz_ogre_vendor::OgreMain for IMPORTED_LOCATION_RELEASE: /opt/ros/humble/opt/rviz_ogre_vendor/lib/libOgreMain.so
[0.567s] -- rviz_ogre_vendor::OgreMain for IMPORTED_LOCATION_DEBUG: /opt/ros/humble/opt/rviz_ogre_vendor/lib/libOgreMain.so
[0.637s] -- Ensuring Eigen3 include directory is part of orocos-kdl CMake target
[0.747s] -- Found ament_lint_auto: 0.12.14 (/opt/ros/humble/share/ament_lint_auto/cmake)
[0.820s] -- Deploy OGRE media
[0.822s] -- Added test 'copyright' to check source files copyright and LICENSE
[0.825s] -- Added test 'cppcheck' to perform static code analysis on C / C++ code
[0.825s] -- Configured cppcheck include dirs: 
[0.825s] -- Configured cppcheck exclude dirs and/or files: 
[0.830s] -- Added test 'cpplint' to check C / C++ code against the Google style
[0.830s] -- Configured cpplint exclude dirs and/or files: 
[0.831s] -- Added test 'flake8' to check Python code syntax and style conventions
[0.831s] -- Added test 'lint_cmake' to check CMake code style
[0.831s] -- Added test 'pep257' to check Python code against some of the docstring style conventions in PEP 257
[0.833s] -- Added test 'uncrustify' to check C / C++ code style
[0.834s] -- Configured uncrustify additional arguments: 
[0.834s] -- Added test 'xmllint' to check XML markup files
[0.835s] -- Configuring done
[0.871s] -- Generating done
[0.875s] -- Build files have been written to: /home/ubuntu/robot_ws/build/rviz_plugin_tutorials
[0.899s] Invoked command in '/home/ubuntu/robot_ws/build/rviz_plugin_tutorials' returned '0': CMAKE_PREFIX_PATH=${CMAKE_PREFIX_PATH}:/home/ubuntu/robot_ws/install/xv11_lidar_python:/home/ubuntu/robot_ws/install/serial_motor_demo:/home/ubuntu/robot_ws/install/joy_tester:/opt/ros/humble /usr/bin/cmake /home/ubuntu/robot_ws/src/visualization_tutorials/rviz_plugin_tutorials -DAMENT_CMAKE_SYMLINK_INSTALL=1 -DCMAKE_INSTALL_PREFIX=/home/ubuntu/robot_ws/install/rviz_plugin_tutorials
[0.901s] Invoking command in '/home/ubuntu/robot_ws/build/rviz_plugin_tutorials': CMAKE_PREFIX_PATH=${CMAKE_PREFIX_PATH}:/home/ubuntu/robot_ws/install/xv11_lidar_python:/home/ubuntu/robot_ws/install/serial_motor_demo:/home/ubuntu/robot_ws/install/joy_tester:/opt/ros/humble /usr/bin/cmake --build /home/ubuntu/robot_ws/build/rviz_plugin_tutorials -- -j16 -l16
[0.980s] [ 12%] [34m[1mAutomatic MOC for target rviz_plugin_tutorials[0m
[1.009s] [ 12%] Built target rviz_plugin_tutorials_autogen
[1.028s] [35m[1mConsolidate compiler generated dependencies of target rviz_plugin_tutorials[0m
[1.074s] [ 25%] [32mBuilding CXX object CMakeFiles/rviz_plugin_tutorials.dir/src/plant_flag_tool.cpp.o[0m
[7.190s] [ 37%] [32m[1mLinking CXX shared library librviz_plugin_tutorials.so[0m
[9.127s] [100%] Built target rviz_plugin_tutorials
[9.139s] Invoked command in '/home/ubuntu/robot_ws/build/rviz_plugin_tutorials' returned '0': CMAKE_PREFIX_PATH=${CMAKE_PREFIX_PATH}:/home/ubuntu/robot_ws/install/xv11_lidar_python:/home/ubuntu/robot_ws/install/serial_motor_demo:/home/ubuntu/robot_ws/install/joy_tester:/opt/ros/humble /usr/bin/cmake --build /home/ubuntu/robot_ws/build/rviz_plugin_tutorials -- -j16 -l16
[9.140s] Invoking command in '/home/ubuntu/robot_ws/build/rviz_plugin_tutorials': CMAKE_PREFIX_PATH=${CMAKE_PREFIX_PATH}:/home/ubuntu/robot_ws/install/xv11_lidar_python:/home/ubuntu/robot_ws/install/serial_motor_demo:/home/ubuntu/robot_ws/install/joy_tester:/opt/ros/humble /usr/bin/cmake --install /home/ubuntu/robot_ws/build/rviz_plugin_tutorials
[9.148s] -- Install configuration: ""
[9.148s] -- Execute custom install script
[9.148s] -- Symlinking: /home/ubuntu/robot_ws/install/rviz_plugin_tutorials/share/rviz_plugin_tutorials//plugin_description.xml
[9.158s] -- Symlinking: /home/ubuntu/robot_ws/install/rviz_plugin_tutorials/lib/rviz_plugin_tutorials/librviz_plugin_tutorials.so
[9.166s] -- Symlinking: /home/ubuntu/robot_ws/install/rviz_plugin_tutorials/share/rviz_plugin_tutorials/media/flag.dae
[9.176s] -- Symlinking: /home/ubuntu/robot_ws/install/rviz_plugin_tutorials/share/rviz_plugin_tutorials/icons/classes/Imu.png
[9.185s] -- Symlinking: /home/ubuntu/robot_ws/install/rviz_plugin_tutorials/share/rviz_plugin_tutorials/icons/classes/PlantFlag.png
[9.193s] -- Symlinking: /home/ubuntu/robot_ws/install/rviz_plugin_tutorials/share/rviz_plugin_tutorials/icons/classes/Teleop.png
[9.202s] -- Symlinking: /home/ubuntu/robot_ws/install/rviz_plugin_tutorials/lib/rviz_plugin_tutorials/send_test_msgs.py
[9.210s] -- Symlinking: /home/ubuntu/robot_ws/install/rviz_plugin_tutorials/share/ament_index/resource_index/package_run_dependencies/rviz_plugin_tutorials
[9.218s] -- Symlinking: /home/ubuntu/robot_ws/install/rviz_plugin_tutorials/share/ament_index/resource_index/parent_prefix_path/rviz_plugin_tutorials
[9.227s] -- Symlinking: /home/ubuntu/robot_ws/install/rviz_plugin_tutorials/share/rviz_plugin_tutorials/environment/ament_prefix_path.sh
[9.236s] -- Symlinking: /home/ubuntu/robot_ws/install/rviz_plugin_tutorials/share/rviz_plugin_tutorials/environment/ament_prefix_path.dsv
[9.244s] -- Symlinking: /home/ubuntu/robot_ws/install/rviz_plugin_tutorials/share/rviz_plugin_tutorials/environment/path.sh
[9.252s] -- Symlinking: /home/ubuntu/robot_ws/install/rviz_plugin_tutorials/share/rviz_plugin_tutorials/environment/path.dsv
[9.261s] -- Symlinking: /home/ubuntu/robot_ws/install/rviz_plugin_tutorials/share/rviz_plugin_tutorials/local_setup.bash
[9.269s] -- Symlinking: /home/ubuntu/robot_ws/install/rviz_plugin_tutorials/share/rviz_plugin_tutorials/local_setup.sh
[9.277s] -- Symlinking: /home/ubuntu/robot_ws/install/rviz_plugin_tutorials/share/rviz_plugin_tutorials/local_setup.zsh
[9.286s] -- Symlinking: /home/ubuntu/robot_ws/install/rviz_plugin_tutorials/share/rviz_plugin_tutorials/local_setup.dsv
[9.295s] -- Symlinking: /home/ubuntu/robot_ws/install/rviz_plugin_tutorials/share/rviz_plugin_tutorials/package.dsv
[9.303s] -- Symlinking: /home/ubuntu/robot_ws/install/rviz_plugin_tutorials/share/ament_index/resource_index/packages/rviz_plugin_tutorials
[9.311s] -- Symlinking: /home/ubuntu/robot_ws/install/rviz_plugin_tutorials/share/ament_index/resource_index/rviz_common__pluginlib__plugin/rviz_plugin_tutorials
[9.319s] -- Symlinking: /home/ubuntu/robot_ws/install/rviz_plugin_tutorials/share/ament_index/resource_index/rviz_ogre_media_exports/rviz_plugin_tutorials
[9.327s] -- Symlinking: /home/ubuntu/robot_ws/install/rviz_plugin_tutorials/share/rviz_plugin_tutorials/cmake/ament_cmake_export_dependencies-extras.cmake
[9.335s] -- Symlinking: /home/ubuntu/robot_ws/install/rviz_plugin_tutorials/share/rviz_plugin_tutorials/cmake/rviz_plugin_tutorialsConfig.cmake
[9.343s] -- Symlinking: /home/ubuntu/robot_ws/install/rviz_plugin_tutorials/share/rviz_plugin_tutorials/cmake/rviz_plugin_tutorialsConfig-version.cmake
[9.351s] -- Symlinking: /home/ubuntu/robot_ws/install/rviz_plugin_tutorials/share/rviz_plugin_tutorials/package.xml
[9.359s] -- Up-to-date: /home/ubuntu/robot_ws/install/rviz_plugin_tutorials/share/rviz_plugin_tutorials/media
[9.361s] Invoked command in '/home/ubuntu/robot_ws/build/rviz_plugin_tutorials' returned '0': CMAKE_PREFIX_PATH=${CMAKE_PREFIX_PATH}:/home/ubuntu/robot_ws/install/xv11_lidar_python:/home/ubuntu/robot_ws/install/serial_motor_demo:/home/ubuntu/robot_ws/install/joy_tester:/opt/ros/humble /usr/bin/cmake --install /home/ubuntu/robot_ws/build/rviz_plugin_tutorials
