[0.040s] Invoking command in '/home/ubuntu/robot_ws/build/interactive_marker_tutorials': CMAKE_PREFIX_PATH=${CMAKE_PREFIX_PATH}:/home/ubuntu/robot_ws/install/xv11_lidar_python:/home/ubuntu/robot_ws/install/serial_motor_demo:/home/ubuntu/robot_ws/install/joy_tester:/opt/ros/humble /usr/bin/cmake /home/ubuntu/robot_ws/src/visualization_tutorials/interactive_marker_tutorials -DAMENT_CMAKE_SYMLINK_INSTALL=1 -DCMAKE_INSTALL_PREFIX=/home/ubuntu/robot_ws/install/interactive_marker_tutorials
[0.331s] -- The C compiler identification is GNU 11.4.0
[0.331s] -- The CXX compiler identification is GNU 11.4.0
[0.331s] -- Detecting C compiler ABI info
[0.331s] -- Detecting C compiler ABI info - done
[0.331s] -- Check for working C compiler: /usr/bin/cc - skipped
[0.331s] -- Detecting C compile features
[0.331s] -- Detecting C compile features - done
[0.331s] -- Detecting CXX compiler ABI info
[0.331s] -- Detecting CXX compiler ABI info - done
[0.341s] -- Check for working CXX compiler: /usr/bin/c++ - skipped
[0.341s] -- Detecting CXX compile features
[0.341s] -- Detecting CXX compile features - done
[0.342s] -- Found ament_cmake: 1.3.12 (/opt/ros/humble/share/ament_cmake/cmake)
[0.502s] -- Found Python3: /usr/bin/python3 (found version "3.10.12") found components: Interpreter 
[0.565s] -- Override CMake install command with custom implementation using symlinks instead of copying resources
[0.602s] -- Found interactive_markers: 2.3.2 (/opt/ros/humble/share/interactive_markers/cmake)
[0.666s] -- Found rosidl_generator_c: 3.1.7 (/opt/ros/humble/share/rosidl_generator_c/cmake)
[0.673s] -- Found rosidl_adapter: 3.1.7 (/opt/ros/humble/share/rosidl_adapter/cmake)
[0.685s] -- Found rosidl_generator_cpp: 3.1.7 (/opt/ros/humble/share/rosidl_generator_cpp/cmake)
[0.702s] -- Using all available rosidl_typesupport_c: rosidl_typesupport_fastrtps_c;rosidl_typesupport_introspection_c
[0.724s] -- Using all available rosidl_typesupport_cpp: rosidl_typesupport_fastrtps_cpp;rosidl_typesupport_introspection_cpp
[0.789s] -- Found rmw_implementation_cmake: 6.1.2 (/opt/ros/humble/share/rmw_implementation_cmake/cmake)
[0.793s] -- Found rmw_fastrtps_cpp: 6.2.9 (/opt/ros/humble/share/rmw_fastrtps_cpp/cmake)
[0.936s] -- Found OpenSSL: /usr/lib/x86_64-linux-gnu/libcrypto.so (found version "3.0.2")  
[0.970s] -- Found FastRTPS: /opt/ros/humble/include  
[1.023s] -- Using RMW implementation 'rmw_fastrtps_cpp' as default
[1.037s] -- Looking for pthread.h
[1.124s] -- Looking for pthread.h - found
[1.126s] -- Performing Test CMAKE_HAVE_LIBC_PTHREAD
[1.222s] -- Performing Test CMAKE_HAVE_LIBC_PTHREAD - Success
[1.222s] -- Found Threads: TRUE  
[1.370s] -- Found rclcpp_components: 16.0.16 (/opt/ros/humble/share/rclcpp_components/cmake)
[1.412s] -- Found tf2_geometry_msgs: 0.25.17 (/opt/ros/humble/share/tf2_geometry_msgs/cmake)
[1.437s] -- Found eigen3_cmake_module: 0.1.1 (/opt/ros/humble/share/eigen3_cmake_module/cmake)
[1.440s] -- Found Eigen3: TRUE (found version "3.4.0") 
[1.440s] -- Ensuring Eigen3 include directory is part of orocos-kdl CMake target
[1.556s] -- Found ament_lint_auto: 0.12.14 (/opt/ros/humble/share/ament_lint_auto/cmake)
[1.672s] -- Added test 'copyright' to check source files copyright and LICENSE
[1.674s] -- Added test 'cppcheck' to perform static code analysis on C / C++ code
[1.674s] -- Configured cppcheck include dirs: 
[1.674s] -- Configured cppcheck exclude dirs and/or files: 
[1.677s] -- Added test 'cpplint' to check C / C++ code against the Google style
[1.677s] -- Configured cpplint exclude dirs and/or files: 
[1.677s] -- Added test 'flake8' to check Python code syntax and style conventions
[1.677s] -- Added test 'lint_cmake' to check CMake code style
[1.678s] -- Added test 'pep257' to check Python code against some of the docstring style conventions in PEP 257
[1.679s] -- Added test 'uncrustify' to check C / C++ code style
[1.680s] -- Configured uncrustify additional arguments: 
[1.680s] -- Added test 'xmllint' to check XML markup files
[1.683s] -- Configuring done
[1.726s] -- Generating done
[1.739s] -- Build files have been written to: /home/ubuntu/robot_ws/build/interactive_marker_tutorials
[1.753s] Invoked command in '/home/ubuntu/robot_ws/build/interactive_marker_tutorials' returned '0': CMAKE_PREFIX_PATH=${CMAKE_PREFIX_PATH}:/home/ubuntu/robot_ws/install/xv11_lidar_python:/home/ubuntu/robot_ws/install/serial_motor_demo:/home/ubuntu/robot_ws/install/joy_tester:/opt/ros/humble /usr/bin/cmake /home/ubuntu/robot_ws/src/visualization_tutorials/interactive_marker_tutorials -DAMENT_CMAKE_SYMLINK_INSTALL=1 -DCMAKE_INSTALL_PREFIX=/home/ubuntu/robot_ws/install/interactive_marker_tutorials
[1.755s] Invoking command in '/home/ubuntu/robot_ws/build/interactive_marker_tutorials': CMAKE_PREFIX_PATH=${CMAKE_PREFIX_PATH}:/home/ubuntu/robot_ws/install/xv11_lidar_python:/home/ubuntu/robot_ws/install/serial_motor_demo:/home/ubuntu/robot_ws/install/joy_tester:/opt/ros/humble /usr/bin/cmake --build /home/ubuntu/robot_ws/build/interactive_marker_tutorials -- -j16 -l16
[1.821s] [  7%] [32mBuilding CXX object CMakeFiles/cube.dir/src/cube.cpp.o[0m
[1.821s] [ 14%] [32mBuilding CXX object CMakeFiles/basic_controls.dir/src/basic_controls.cpp.o[0m
[1.826s] [ 28%] [32mBuilding CXX object CMakeFiles/pong.dir/rclcpp_components/node_main_pong.cpp.o[0m
[1.827s] [ 35%] [32mBuilding CXX object CMakeFiles/menu.dir/src/menu.cpp.o[0m
[1.827s] [ 35%] [32mBuilding CXX object CMakeFiles/simple_marker.dir/src/simple_marker.cpp.o[0m
[1.827s] [ 42%] [32mBuilding CXX object CMakeFiles/selection.dir/src/selection.cpp.o[0m
[1.828s] [ 50%] [32mBuilding CXX object CMakeFiles/pong_library.dir/src/pong.cpp.o[0m
[7.445s] [ 57%] [32m[1mLinking CXX executable pong[0m
[7.910s] [ 57%] Built target pong
[7.916s] [ 64%] [32m[1mLinking CXX executable menu[0m
[8.107s] [ 71%] [32m[1mLinking CXX executable cube[0m
[8.278s] [ 71%] Built target menu
[8.408s] [ 78%] [32m[1mLinking CXX executable simple_marker[0m
[8.447s] [ 78%] Built target cube
[8.701s] [ 78%] Built target simple_marker
[8.832s] [ 85%] [32m[1mLinking CXX executable selection[0m
[9.086s] [ 85%] Built target selection
[9.252s] [ 92%] [32m[1mLinking CXX shared library libpong_library.so[0m
[9.478s] [ 92%] Built target pong_library
[11.196s] [100%] [32m[1mLinking CXX executable basic_controls[0m
[11.448s] [100%] Built target basic_controls
[11.463s] Invoked command in '/home/ubuntu/robot_ws/build/interactive_marker_tutorials' returned '0': CMAKE_PREFIX_PATH=${CMAKE_PREFIX_PATH}:/home/ubuntu/robot_ws/install/xv11_lidar_python:/home/ubuntu/robot_ws/install/serial_motor_demo:/home/ubuntu/robot_ws/install/joy_tester:/opt/ros/humble /usr/bin/cmake --build /home/ubuntu/robot_ws/build/interactive_marker_tutorials -- -j16 -l16
[11.465s] Invoking command in '/home/ubuntu/robot_ws/build/interactive_marker_tutorials': CMAKE_PREFIX_PATH=${CMAKE_PREFIX_PATH}:/home/ubuntu/robot_ws/install/xv11_lidar_python:/home/ubuntu/robot_ws/install/serial_motor_demo:/home/ubuntu/robot_ws/install/joy_tester:/opt/ros/humble /usr/bin/cmake --install /home/ubuntu/robot_ws/build/interactive_marker_tutorials
[11.473s] -- Install configuration: ""
[11.473s] -- Execute custom install script
[11.474s] -- Symlinking: /home/ubuntu/robot_ws/install/interactive_marker_tutorials/lib/interactive_marker_tutorials/pong
[11.485s] -- Symlinking: /home/ubuntu/robot_ws/install/interactive_marker_tutorials/bin/basic_controls.py
[11.496s] -- Symlinking: /home/ubuntu/robot_ws/install/interactive_marker_tutorials/bin/cube.py
[11.507s] -- Symlinking: /home/ubuntu/robot_ws/install/interactive_marker_tutorials/bin/menu.py
[11.520s] -- Symlinking: /home/ubuntu/robot_ws/install/interactive_marker_tutorials/bin/simple_marker.py
[11.531s] -- Symlinking: /home/ubuntu/robot_ws/install/interactive_marker_tutorials/lib/libpong_library.so
[11.543s] -- Symlinking: /home/ubuntu/robot_ws/install/interactive_marker_tutorials/lib/interactive_marker_tutorials/basic_controls
[11.553s] -- Symlinking: /home/ubuntu/robot_ws/install/interactive_marker_tutorials/lib/interactive_marker_tutorials/cube
[11.564s] -- Symlinking: /home/ubuntu/robot_ws/install/interactive_marker_tutorials/lib/interactive_marker_tutorials/selection
[11.575s] -- Symlinking: /home/ubuntu/robot_ws/install/interactive_marker_tutorials/lib/interactive_marker_tutorials/simple_marker
[11.586s] -- Symlinking: /home/ubuntu/robot_ws/install/interactive_marker_tutorials/lib/interactive_marker_tutorials/menu
[11.597s] -- Symlinking: /home/ubuntu/robot_ws/install/interactive_marker_tutorials/share/ament_index/resource_index/package_run_dependencies/interactive_marker_tutorials
[11.608s] -- Symlinking: /home/ubuntu/robot_ws/install/interactive_marker_tutorials/share/ament_index/resource_index/parent_prefix_path/interactive_marker_tutorials
[11.620s] -- Symlinking: /home/ubuntu/robot_ws/install/interactive_marker_tutorials/share/interactive_marker_tutorials/environment/ament_prefix_path.sh
[11.631s] -- Symlinking: /home/ubuntu/robot_ws/install/interactive_marker_tutorials/share/interactive_marker_tutorials/environment/ament_prefix_path.dsv
[11.642s] -- Symlinking: /home/ubuntu/robot_ws/install/interactive_marker_tutorials/share/interactive_marker_tutorials/environment/path.sh
[11.653s] -- Symlinking: /home/ubuntu/robot_ws/install/interactive_marker_tutorials/share/interactive_marker_tutorials/environment/path.dsv
[11.664s] -- Symlinking: /home/ubuntu/robot_ws/install/interactive_marker_tutorials/share/interactive_marker_tutorials/local_setup.bash
[11.674s] -- Symlinking: /home/ubuntu/robot_ws/install/interactive_marker_tutorials/share/interactive_marker_tutorials/local_setup.sh
[11.685s] -- Symlinking: /home/ubuntu/robot_ws/install/interactive_marker_tutorials/share/interactive_marker_tutorials/local_setup.zsh
[11.696s] -- Symlinking: /home/ubuntu/robot_ws/install/interactive_marker_tutorials/share/interactive_marker_tutorials/local_setup.dsv
[11.707s] -- Symlinking: /home/ubuntu/robot_ws/install/interactive_marker_tutorials/share/interactive_marker_tutorials/package.dsv
[11.719s] -- Symlinking: /home/ubuntu/robot_ws/install/interactive_marker_tutorials/share/ament_index/resource_index/packages/interactive_marker_tutorials
[11.730s] -- Symlinking: /home/ubuntu/robot_ws/install/interactive_marker_tutorials/share/ament_index/resource_index/rclcpp_components/interactive_marker_tutorials
[11.740s] -- Symlinking: /home/ubuntu/robot_ws/install/interactive_marker_tutorials/share/interactive_marker_tutorials/cmake/ament_cmake_export_dependencies-extras.cmake
[11.751s] -- Symlinking: /home/ubuntu/robot_ws/install/interactive_marker_tutorials/share/interactive_marker_tutorials/cmake/interactive_marker_tutorialsConfig.cmake
[11.762s] -- Symlinking: /home/ubuntu/robot_ws/install/interactive_marker_tutorials/share/interactive_marker_tutorials/cmake/interactive_marker_tutorialsConfig-version.cmake
[11.773s] -- Symlinking: /home/ubuntu/robot_ws/install/interactive_marker_tutorials/share/interactive_marker_tutorials/package.xml
[11.786s] Invoked command in '/home/ubuntu/robot_ws/build/interactive_marker_tutorials' returned '0': CMAKE_PREFIX_PATH=${CMAKE_PREFIX_PATH}:/home/ubuntu/robot_ws/install/xv11_lidar_python:/home/ubuntu/robot_ws/install/serial_motor_demo:/home/ubuntu/robot_ws/install/joy_tester:/opt/ros/humble /usr/bin/cmake --install /home/ubuntu/robot_ws/build/interactive_marker_tutorials
