[0.783s] Invoking command in '/home/ubuntu/robot_ws/build/serial_motor_demo': PYTHONPATH=/home/ubuntu/robot_ws/build/serial_motor_demo/prefix_override:/usr/lib/python3/dist-packages/colcon_core/task/python/colcon_distutils_commands:/home/ubuntu/robot_ws/install/serial_motor_demo/lib/python3.10/site-packages:${PYTHONPATH} /usr/bin/python3 -W ignore:setup.py install is deprecated -W ignore:easy_install command is deprecated setup.py develop --editable --build-directory /home/ubuntu/robot_ws/build/serial_motor_demo/build --no-deps symlink_data
[1.059s] /usr/lib/python3/dist-packages/setuptools/dist.py:723: UserWarning: Usage of dash-separated 'script-dir' will not be supported in future versions. Please use the underscore name 'script_dir' instead
[1.059s]   warnings.warn(
[1.095s] running develop
[1.319s] running egg_info
[1.320s] writing serial_motor_demo.egg-info/PKG-INFO
[1.320s] writing dependency_links to serial_motor_demo.egg-info/dependency_links.txt
[1.320s] writing entry points to serial_motor_demo.egg-info/entry_points.txt
[1.320s] writing requirements to serial_motor_demo.egg-info/requires.txt
[1.320s] writing top-level names to serial_motor_demo.egg-info/top_level.txt
[1.323s] reading manifest file 'serial_motor_demo.egg-info/SOURCES.txt'
[1.324s] writing manifest file 'serial_motor_demo.egg-info/SOURCES.txt'
[1.326s] running build_ext
[1.327s] Creating /home/ubuntu/robot_ws/install/serial_motor_demo/lib/python3.10/site-packages/serial-motor-demo.egg-link (link to .)
[1.328s] Installing driver script to /home/ubuntu/robot_ws/install/serial_motor_demo/lib/serial_motor_demo
[1.328s] Installing gui script to /home/ubuntu/robot_ws/install/serial_motor_demo/lib/serial_motor_demo
[1.329s] 
[1.329s] Installed /home/ubuntu/robot_ws/build/serial_motor_demo
[1.329s] running symlink_data
[1.367s] Invoked command in '/home/ubuntu/robot_ws/build/serial_motor_demo' returned '0': PYTHONPATH=/home/ubuntu/robot_ws/build/serial_motor_demo/prefix_override:/usr/lib/python3/dist-packages/colcon_core/task/python/colcon_distutils_commands:/home/ubuntu/robot_ws/install/serial_motor_demo/lib/python3.10/site-packages:${PYTHONPATH} /usr/bin/python3 -W ignore:setup.py install is deprecated -W ignore:easy_install command is deprecated setup.py develop --editable --build-directory /home/ubuntu/robot_ws/build/serial_motor_demo/build --no-deps symlink_data
