[0.024s] Invoking command in '/home/ubuntu/robot_ws/build/gazebo_ros2_control': CMAKE_PREFIX_PATH=${CMAKE_PREFIX_PATH}:/home/ubuntu/robot_ws/install/xv11_lidar_python:/home/ubuntu/robot_ws/install/serial_motor_demo:/home/ubuntu/robot_ws/install/joy_tester:/opt/ros/humble /usr/bin/cmake /home/ubuntu/robot_ws/src/gazebo_ros2_control/gazebo_ros2_control -DAMENT_CMAKE_SYMLINK_INSTALL=1 -DCMAKE_INSTALL_PREFIX=/home/ubuntu/robot_ws/install/gazebo_ros2_control
[0.230s] -- The C compiler identification is GNU 11.4.0
[0.230s] -- The CXX compiler identification is GNU 11.4.0
[0.231s] -- Detecting C compiler ABI info
[0.265s] -- Detecting C compiler ABI info - done
[0.271s] -- Check for working C compiler: /usr/bin/cc - skipped
[0.271s] -- Detecting C compile features
[0.272s] -- Detecting C compile features - done
[0.274s] -- Detecting CXX compiler ABI info
[0.345s] -- Detecting CXX compiler ABI info - done
[0.351s] -- Check for working CXX compiler: /usr/bin/c++ - skipped
[0.351s] -- Detecting CXX compile features
[0.351s] -- Detecting CXX compile features - done
[0.354s] -- Found ament_cmake: 1.3.12 (/opt/ros/humble/share/ament_cmake/cmake)
[0.497s] -- Found Python3: /usr/bin/python3 (found version "3.10.12") found components: Interpreter 
[0.553s] -- Override CMake install command with custom implementation using symlinks instead of copying resources
[0.580s] -- Found angles: 1.15.0 (/opt/ros/humble/share/angles/cmake)
[0.584s] -- Found controller_manager: 2.52.2 (/opt/ros/humble/share/controller_manager/cmake)
[0.630s] -- Found rosidl_generator_c: 3.1.7 (/opt/ros/humble/share/rosidl_generator_c/cmake)
[0.634s] -- Found rosidl_adapter: 3.1.7 (/opt/ros/humble/share/rosidl_adapter/cmake)
[0.644s] -- Found rosidl_generator_cpp: 3.1.7 (/opt/ros/humble/share/rosidl_generator_cpp/cmake)
[0.653s] -- Using all available rosidl_typesupport_c: rosidl_typesupport_fastrtps_c;rosidl_typesupport_introspection_c
[0.670s] -- Using all available rosidl_typesupport_cpp: rosidl_typesupport_fastrtps_cpp;rosidl_typesupport_introspection_cpp
[0.903s] -- Found rmw_implementation_cmake: 6.1.2 (/opt/ros/humble/share/rmw_implementation_cmake/cmake)
[0.907s] -- Found rmw_fastrtps_cpp: 6.2.9 (/opt/ros/humble/share/rmw_fastrtps_cpp/cmake)
[0.945s] -- Found TinyXML2 via Config file: TinyXML2_DIR-NOTFOUND
[1.000s] -- Found OpenSSL: /usr/lib/x86_64-linux-gnu/libcrypto.so (found version "3.0.2")  
[1.004s] -- Found TinyXML2 via Config file: TinyXML2_DIR-NOTFOUND
[1.019s] -- Found FastRTPS: /opt/ros/humble/include  
[1.022s] -- Found TinyXML2 via Config file: TinyXML2_DIR-NOTFOUND
[1.030s] -- Found TinyXML2 via Config file: TinyXML2_DIR-NOTFOUND
[1.040s] -- Using RMW implementation 'rmw_fastrtps_cpp' as default
[1.054s] -- Looking for pthread.h
[1.133s] -- Looking for pthread.h - found
[1.133s] -- Performing Test CMAKE_HAVE_LIBC_PTHREAD
[1.202s] -- Performing Test CMAKE_HAVE_LIBC_PTHREAD - Success
[1.203s] -- Found Threads: TRUE  
[1.312s] -- Found control_toolbox: 3.6.2 (/opt/ros/humble/share/control_toolbox/cmake)
[1.376s] -- Found gazebo_dev: 3.9.0 (/opt/ros/humble/share/gazebo_dev/cmake)
[1.385s] -- Found PkgConfig: /usr/bin/pkg-config (found version "0.29.2") 
[1.386s] -- Checking for module 'bullet>=2.82'
[1.400s] --   Found bullet, version 3.05
[1.506s] -- Found fcl: /usr/include (found suitable version "0.7.0", minimum required is "0.5.0") 
[1.561s] -- Found assimp: /usr/include (found version "5.2.0") 
[1.581s] -- Found DART: /usr/include (Required is at least version "6.6") found components: dart 
[1.616s] -- Found Boost: /usr/lib/x86_64-linux-gnu/cmake/Boost-1.74.0/BoostConfig.cmake (found suitable version "1.74.0", minimum required is "1.40.0") found components: thread system filesystem program_options regex iostreams date_time 
[1.639s] -- Found Protobuf: /usr/lib/x86_64-linux-gnu/libprotobuf.so (found version "3.12.4") 
[1.645s] -- Looking for ignition-math6 -- found version 6.15.1
[1.658s] -- Searching for dependencies of ignition-math6
[1.661s] -- Looking for OGRE...
[1.662s] -- OGRE_PREFIX_WATCH changed.
[1.667s] -- Checking for module 'OGRE'
[1.682s] --   Found OGRE, version 1.9.0
[1.721s] -- Found Ogre Ghadamon (1.9.0)
[1.728s] -- Found OGRE: optimized;/usr/lib/x86_64-linux-gnu/libOgreMain.so;debug;/usr/lib/x86_64-linux-gnu/libOgreMain.so
[1.738s] -- Looking for OGRE_Paging...
[1.744s] -- Found OGRE_Paging: optimized;/usr/lib/x86_64-linux-gnu/libOgrePaging.so;debug;/usr/lib/x86_64-linux-gnu/libOgrePaging.so
[1.744s] -- Looking for OGRE_Terrain...
[1.749s] -- Found OGRE_Terrain: optimized;/usr/lib/x86_64-linux-gnu/libOgreTerrain.so;debug;/usr/lib/x86_64-linux-gnu/libOgreTerrain.so
[1.749s] -- Looking for OGRE_Property...
[1.754s] -- Found OGRE_Property: optimized;/usr/lib/x86_64-linux-gnu/libOgreProperty.so;debug;/usr/lib/x86_64-linux-gnu/libOgreProperty.so
[1.754s] -- Looking for OGRE_RTShaderSystem...
[1.759s] -- Found OGRE_RTShaderSystem: optimized;/usr/lib/x86_64-linux-gnu/libOgreRTShaderSystem.so;debug;/usr/lib/x86_64-linux-gnu/libOgreRTShaderSystem.so
[1.759s] -- Looking for OGRE_Volume...
[1.764s] -- Found OGRE_Volume: optimized;/usr/lib/x86_64-linux-gnu/libOgreVolume.so;debug;/usr/lib/x86_64-linux-gnu/libOgreVolume.so
[1.764s] -- Looking for OGRE_Overlay...
[1.769s] -- Found OGRE_Overlay: optimized;/usr/lib/x86_64-linux-gnu/libOgreOverlay.so;debug;/usr/lib/x86_64-linux-gnu/libOgreOverlay.so
[1.896s] -- Looking for ignition-math6 -- found version 6.15.1
[1.900s] -- Looking for ignition-transport8 -- found version 8.2.1
[1.900s] -- Searching for dependencies of ignition-transport8
[1.920s] -- Found Protobuf: /usr/lib/x86_64-linux-gnu/libprotobuf.so (found suitable version "3.12.4", minimum required is "3") 
[1.932s] -- Config-file not installed for ZeroMQ -- checking for pkg-config
[1.938s] -- Checking for module 'libzmq >= 4'
[1.957s] --   Found libzmq , version 4.3.4
[2.005s] -- Found ZeroMQ: TRUE (Required is at least version "4") 
[2.014s] -- Checking for module 'uuid'
[2.033s] --   Found uuid, version 2.37.2
[2.076s] -- Found UUID: TRUE  
[2.080s] -- Looking for ignition-msgs5 -- found version 5.8.1
[2.080s] -- Searching for dependencies of ignition-msgs5
[2.110s] -- Looking for ignition-math6 -- found version 6.15.1
[2.118s] -- Checking for module 'tinyxml2'
[2.146s] --   Found tinyxml2, version 9.0.0
[2.215s] -- Looking for ignition-msgs5 -- found version 5.8.1
[2.218s] -- Looking for ignition-common3 -- found version 3.14.0
[2.224s] -- Searching for dependencies of ignition-common3
[2.224s] -- Looking for dlfcn.h - found
[2.224s] -- Looking for libdl - found
[2.224s] -- Found DL: TRUE  
[2.250s] -- Found tinyobjloader: /usr/lib/x86_64-linux-gnu/cmake/tinyobjloader/tinyobjloader-config.cmake (found version "2.0.0") 
[2.252s] -- Searching for <ignition-common3> component [graphics]
[2.257s] -- Looking for ignition-common3-graphics -- found version 3.14.0
[2.258s] -- Searching for dependencies of ignition-common3-graphics
[2.259s] -- Looking for ignition-math6 -- found version 6.15.1
[2.270s] -- Looking for ignition-fuel_tools4 -- found version 4.4.0
[2.270s] -- Searching for dependencies of ignition-fuel_tools4
[2.450s] -- Found CURL: /usr/lib/x86_64-linux-gnu/libcurl.so (found version "7.81.0")  
[2.471s] -- Checking for module 'jsoncpp'
[2.498s] --   Found jsoncpp, version 1.9.5
[2.569s] -- Found JSONCPP: TRUE  
[2.579s] -- Checking for module 'libzip'
[2.608s] --   Found libzip, version 1.7.3
[2.660s] -- Found ZIP: TRUE  
[2.661s] -- Looking for ignition-common3 -- found version 3.14.0
[2.662s] -- Looking for ignition-math6 -- found version 6.15.1
[2.662s] -- Looking for ignition-msgs5 -- found version 5.8.1
[2.668s] -- Gazebo version: 11.10
[2.669s] -- Checking for module 'tbb'
[2.687s] --   Found tbb, version 2021.5.0
[2.731s] -- Found gazebo_ros: 3.9.0 (/opt/ros/humble/share/gazebo_ros/cmake)
[2.738s] -- Found yaml_cpp_vendor: 8.0.2 (/opt/ros/humble/share/yaml_cpp_vendor/cmake)
[2.753s] -- Found ament_cmake_gtest: 1.3.12 (/opt/ros/humble/share/ament_cmake_gtest/cmake)
[2.755s] -- Found ament_lint_auto: 0.12.14 (/opt/ros/humble/share/ament_lint_auto/cmake)
[2.833s] -- Added test 'copyright' to check source files copyright and LICENSE
[2.835s] -- Added test 'cppcheck' to perform static code analysis on C / C++ code
[2.835s] -- Configured cppcheck include dirs: /home/ubuntu/robot_ws/src/gazebo_ros2_control/gazebo_ros2_control/include
[2.836s] -- Configured cppcheck exclude dirs and/or files: 
[2.837s] -- Added test 'cpplint' to check C / C++ code against the Google style
[2.837s] -- Configured cpplint exclude dirs and/or files: 
[2.838s] -- Added test 'lint_cmake' to check CMake code style
[2.839s] -- Added test 'uncrustify' to check C / C++ code style
[2.839s] -- Configured uncrustify additional arguments: 
[2.839s] -- Added test 'xmllint' to check XML markup files
[2.842s] -- Configuring done
[2.914s] -- Generating done
[2.921s] -- Build files have been written to: /home/ubuntu/robot_ws/build/gazebo_ros2_control
[2.936s] Invoked command in '/home/ubuntu/robot_ws/build/gazebo_ros2_control' returned '0': CMAKE_PREFIX_PATH=${CMAKE_PREFIX_PATH}:/home/ubuntu/robot_ws/install/xv11_lidar_python:/home/ubuntu/robot_ws/install/serial_motor_demo:/home/ubuntu/robot_ws/install/joy_tester:/opt/ros/humble /usr/bin/cmake /home/ubuntu/robot_ws/src/gazebo_ros2_control/gazebo_ros2_control -DAMENT_CMAKE_SYMLINK_INSTALL=1 -DCMAKE_INSTALL_PREFIX=/home/ubuntu/robot_ws/install/gazebo_ros2_control
[2.937s] Invoking command in '/home/ubuntu/robot_ws/build/gazebo_ros2_control': CMAKE_PREFIX_PATH=${CMAKE_PREFIX_PATH}:/home/ubuntu/robot_ws/install/xv11_lidar_python:/home/ubuntu/robot_ws/install/serial_motor_demo:/home/ubuntu/robot_ws/install/joy_tester:/opt/ros/humble /usr/bin/cmake --build /home/ubuntu/robot_ws/build/gazebo_ros2_control -- -j16 -l16
[2.991s] [ 50%] [32mBuilding CXX object CMakeFiles/gazebo_hardware_plugins.dir/src/gazebo_system.cpp.o[0m
[2.991s] [ 50%] [32mBuilding CXX object CMakeFiles/gazebo_ros2_control.dir/src/gazebo_ros2_control_plugin.cpp.o[0m
[13.990s] [ 75%] [32m[1mLinking CXX shared library libgazebo_hardware_plugins.so[0m
[14.450s] [ 75%] Built target gazebo_hardware_plugins
[15.235s] [100%] [32m[1mLinking CXX shared library libgazebo_ros2_control.so[0m
[15.656s] [100%] Built target gazebo_ros2_control
[15.666s] Invoked command in '/home/ubuntu/robot_ws/build/gazebo_ros2_control' returned '0': CMAKE_PREFIX_PATH=${CMAKE_PREFIX_PATH}:/home/ubuntu/robot_ws/install/xv11_lidar_python:/home/ubuntu/robot_ws/install/serial_motor_demo:/home/ubuntu/robot_ws/install/joy_tester:/opt/ros/humble /usr/bin/cmake --build /home/ubuntu/robot_ws/build/gazebo_ros2_control -- -j16 -l16
[15.668s] Invoking command in '/home/ubuntu/robot_ws/build/gazebo_ros2_control': CMAKE_PREFIX_PATH=${CMAKE_PREFIX_PATH}:/home/ubuntu/robot_ws/install/xv11_lidar_python:/home/ubuntu/robot_ws/install/serial_motor_demo:/home/ubuntu/robot_ws/install/joy_tester:/opt/ros/humble /usr/bin/cmake --install /home/ubuntu/robot_ws/build/gazebo_ros2_control
[15.674s] -- Install configuration: ""
[15.674s] -- Execute custom install script
[15.675s] -- Symlinking: /home/ubuntu/robot_ws/install/gazebo_ros2_control/lib/libgazebo_ros2_control.so
[15.683s] -- Symlinking: /home/ubuntu/robot_ws/install/gazebo_ros2_control/lib/libgazebo_hardware_plugins.so
[15.692s] -- Symlinking: /home/ubuntu/robot_ws/install/gazebo_ros2_control/share/gazebo_ros2_control/environment/library_path.sh
[15.700s] -- Symlinking: /home/ubuntu/robot_ws/install/gazebo_ros2_control/share/gazebo_ros2_control/environment/library_path.dsv
[15.707s] -- Symlinking: /home/ubuntu/robot_ws/install/gazebo_ros2_control/include/gazebo_ros2_control/gazebo_ros2_control_plugin.hpp
[15.715s] -- Symlinking: /home/ubuntu/robot_ws/install/gazebo_ros2_control/include/gazebo_ros2_control/gazebo_system.hpp
[15.722s] -- Symlinking: /home/ubuntu/robot_ws/install/gazebo_ros2_control/include/gazebo_ros2_control/gazebo_system_interface.hpp
[15.729s] -- Symlinking: /home/ubuntu/robot_ws/install/gazebo_ros2_control/share/gazebo_ros2_control//gazebo_hardware_plugins.xml
[15.736s] -- Symlinking: /home/ubuntu/robot_ws/install/gazebo_ros2_control/share/ament_index/resource_index/package_run_dependencies/gazebo_ros2_control
[15.744s] -- Symlinking: /home/ubuntu/robot_ws/install/gazebo_ros2_control/share/ament_index/resource_index/parent_prefix_path/gazebo_ros2_control
[15.751s] -- Symlinking: /home/ubuntu/robot_ws/install/gazebo_ros2_control/share/gazebo_ros2_control/environment/ament_prefix_path.sh
[15.759s] -- Symlinking: /home/ubuntu/robot_ws/install/gazebo_ros2_control/share/gazebo_ros2_control/environment/ament_prefix_path.dsv
[15.766s] -- Symlinking: /home/ubuntu/robot_ws/install/gazebo_ros2_control/share/gazebo_ros2_control/environment/path.sh
[15.774s] -- Symlinking: /home/ubuntu/robot_ws/install/gazebo_ros2_control/share/gazebo_ros2_control/environment/path.dsv
[15.781s] -- Symlinking: /home/ubuntu/robot_ws/install/gazebo_ros2_control/share/gazebo_ros2_control/local_setup.bash
[15.789s] -- Symlinking: /home/ubuntu/robot_ws/install/gazebo_ros2_control/share/gazebo_ros2_control/local_setup.sh
[15.796s] -- Symlinking: /home/ubuntu/robot_ws/install/gazebo_ros2_control/share/gazebo_ros2_control/local_setup.zsh
[15.808s] -- Symlinking: /home/ubuntu/robot_ws/install/gazebo_ros2_control/share/gazebo_ros2_control/local_setup.dsv
[15.813s] -- Symlinking: /home/ubuntu/robot_ws/install/gazebo_ros2_control/share/gazebo_ros2_control/package.dsv
[15.820s] -- Symlinking: /home/ubuntu/robot_ws/install/gazebo_ros2_control/share/ament_index/resource_index/packages/gazebo_ros2_control
[15.828s] -- Symlinking: /home/ubuntu/robot_ws/install/gazebo_ros2_control/share/ament_index/resource_index/gazebo_ros2_control__pluginlib__plugin/gazebo_ros2_control
[15.835s] -- Symlinking: /home/ubuntu/robot_ws/install/gazebo_ros2_control/share/gazebo_ros2_control/cmake/ament_cmake_export_include_directories-extras.cmake
[15.843s] -- Symlinking: /home/ubuntu/robot_ws/install/gazebo_ros2_control/share/gazebo_ros2_control/cmake/ament_cmake_export_dependencies-extras.cmake
[15.850s] -- Symlinking: /home/ubuntu/robot_ws/install/gazebo_ros2_control/share/gazebo_ros2_control/cmake/ament_cmake_export_libraries-extras.cmake
[15.857s] -- Symlinking: /home/ubuntu/robot_ws/install/gazebo_ros2_control/share/gazebo_ros2_control/cmake/gazebo_ros2_controlConfig.cmake
[15.865s] -- Symlinking: /home/ubuntu/robot_ws/install/gazebo_ros2_control/share/gazebo_ros2_control/cmake/gazebo_ros2_controlConfig-version.cmake
[15.872s] -- Symlinking: /home/ubuntu/robot_ws/install/gazebo_ros2_control/share/gazebo_ros2_control/package.xml
[15.881s] Invoked command in '/home/ubuntu/robot_ws/build/gazebo_ros2_control' returned '0': CMAKE_PREFIX_PATH=${CMAKE_PREFIX_PATH}:/home/ubuntu/robot_ws/install/xv11_lidar_python:/home/ubuntu/robot_ws/install/serial_motor_demo:/home/ubuntu/robot_ws/install/joy_tester:/opt/ros/humble /usr/bin/cmake --install /home/ubuntu/robot_ws/build/gazebo_ros2_control
