[0.042s] Invoking command in '/home/ubuntu/robot_ws/build/gazebo_ros2_control': CMAKE_PREFIX_PATH=${CMAKE_PREFIX_PATH}:/home/ubuntu/robot_ws/install/xv11_lidar_python:/home/ubuntu/robot_ws/install/serial_motor_demo:/home/ubuntu/robot_ws/install/joy_tester:/opt/ros/humble /usr/bin/cmake --build /home/ubuntu/robot_ws/build/gazebo_ros2_control -- -j16 -l16
[0.334s] [35m[1mConsolidate compiler generated dependencies of target gazebo_hardware_plugins[0m
[0.334s] [35m[1mConsolidate compiler generated dependencies of target gazebo_ros2_control[0m
[0.335s] [ 50%] Built target gazebo_hardware_plugins
[0.335s] [100%] Built target gazebo_ros2_control
[0.597s] Invoked command in '/home/ubuntu/robot_ws/build/gazebo_ros2_control' returned '0': CMAKE_PREFIX_PATH=${CMAKE_PREFIX_PATH}:/home/ubuntu/robot_ws/install/xv11_lidar_python:/home/ubuntu/robot_ws/install/serial_motor_demo:/home/ubuntu/robot_ws/install/joy_tester:/opt/ros/humble /usr/bin/cmake --build /home/ubuntu/robot_ws/build/gazebo_ros2_control -- -j16 -l16
[0.608s] Invoking command in '/home/ubuntu/robot_ws/build/gazebo_ros2_control': CMAKE_PREFIX_PATH=${CMAKE_PREFIX_PATH}:/home/ubuntu/robot_ws/install/xv11_lidar_python:/home/ubuntu/robot_ws/install/serial_motor_demo:/home/ubuntu/robot_ws/install/joy_tester:/opt/ros/humble /usr/bin/cmake --install /home/ubuntu/robot_ws/build/gazebo_ros2_control
[0.618s] -- Install configuration: ""
[0.618s] -- Execute custom install script
[0.619s] -- Up-to-date symlink: /home/ubuntu/robot_ws/install/gazebo_ros2_control/lib/libgazebo_ros2_control.so
[0.619s] -- Up-to-date symlink: /home/ubuntu/robot_ws/install/gazebo_ros2_control/lib/libgazebo_hardware_plugins.so
[0.619s] -- Up-to-date symlink: /home/ubuntu/robot_ws/install/gazebo_ros2_control/share/gazebo_ros2_control/environment/library_path.sh
[0.619s] -- Up-to-date symlink: /home/ubuntu/robot_ws/install/gazebo_ros2_control/share/gazebo_ros2_control/environment/library_path.dsv
[0.619s] -- Up-to-date symlink: /home/ubuntu/robot_ws/install/gazebo_ros2_control/include/gazebo_ros2_control/gazebo_ros2_control_plugin.hpp
[0.619s] -- Up-to-date symlink: /home/ubuntu/robot_ws/install/gazebo_ros2_control/include/gazebo_ros2_control/gazebo_system.hpp
[0.619s] -- Up-to-date symlink: /home/ubuntu/robot_ws/install/gazebo_ros2_control/include/gazebo_ros2_control/gazebo_system_interface.hpp
[0.621s] -- Up-to-date symlink: /home/ubuntu/robot_ws/install/gazebo_ros2_control/share/gazebo_ros2_control//gazebo_hardware_plugins.xml
[0.621s] -- Up-to-date symlink: /home/ubuntu/robot_ws/install/gazebo_ros2_control/share/ament_index/resource_index/package_run_dependencies/gazebo_ros2_control
[0.621s] -- Up-to-date symlink: /home/ubuntu/robot_ws/install/gazebo_ros2_control/share/ament_index/resource_index/parent_prefix_path/gazebo_ros2_control
[0.621s] -- Up-to-date symlink: /home/ubuntu/robot_ws/install/gazebo_ros2_control/share/gazebo_ros2_control/environment/ament_prefix_path.sh
[0.621s] -- Up-to-date symlink: /home/ubuntu/robot_ws/install/gazebo_ros2_control/share/gazebo_ros2_control/environment/ament_prefix_path.dsv
[0.622s] -- Up-to-date symlink: /home/ubuntu/robot_ws/install/gazebo_ros2_control/share/gazebo_ros2_control/environment/path.sh
[0.622s] -- Up-to-date symlink: /home/ubuntu/robot_ws/install/gazebo_ros2_control/share/gazebo_ros2_control/environment/path.dsv
[0.622s] -- Up-to-date symlink: /home/ubuntu/robot_ws/install/gazebo_ros2_control/share/gazebo_ros2_control/local_setup.bash
[0.622s] -- Up-to-date symlink: /home/ubuntu/robot_ws/install/gazebo_ros2_control/share/gazebo_ros2_control/local_setup.sh
[0.623s] -- Up-to-date symlink: /home/ubuntu/robot_ws/install/gazebo_ros2_control/share/gazebo_ros2_control/local_setup.zsh
[0.623s] -- Up-to-date symlink: /home/ubuntu/robot_ws/install/gazebo_ros2_control/share/gazebo_ros2_control/local_setup.dsv
[0.623s] -- Symlinking: /home/ubuntu/robot_ws/install/gazebo_ros2_control/share/gazebo_ros2_control/package.dsv
[0.633s] -- Up-to-date symlink: /home/ubuntu/robot_ws/install/gazebo_ros2_control/share/ament_index/resource_index/packages/gazebo_ros2_control
[0.633s] -- Up-to-date symlink: /home/ubuntu/robot_ws/install/gazebo_ros2_control/share/ament_index/resource_index/gazebo_ros2_control__pluginlib__plugin/gazebo_ros2_control
[0.633s] -- Up-to-date symlink: /home/ubuntu/robot_ws/install/gazebo_ros2_control/share/gazebo_ros2_control/cmake/ament_cmake_export_include_directories-extras.cmake
[0.633s] -- Up-to-date symlink: /home/ubuntu/robot_ws/install/gazebo_ros2_control/share/gazebo_ros2_control/cmake/ament_cmake_export_dependencies-extras.cmake
[0.633s] -- Up-to-date symlink: /home/ubuntu/robot_ws/install/gazebo_ros2_control/share/gazebo_ros2_control/cmake/ament_cmake_export_libraries-extras.cmake
[0.634s] -- Up-to-date symlink: /home/ubuntu/robot_ws/install/gazebo_ros2_control/share/gazebo_ros2_control/cmake/gazebo_ros2_controlConfig.cmake
[0.634s] -- Up-to-date symlink: /home/ubuntu/robot_ws/install/gazebo_ros2_control/share/gazebo_ros2_control/cmake/gazebo_ros2_controlConfig-version.cmake
[0.634s] -- Up-to-date symlink: /home/ubuntu/robot_ws/install/gazebo_ros2_control/share/gazebo_ros2_control/package.xml
[0.640s] Invoked command in '/home/ubuntu/robot_ws/build/gazebo_ros2_control' returned '0': CMAKE_PREFIX_PATH=${CMAKE_PREFIX_PATH}:/home/ubuntu/robot_ws/install/xv11_lidar_python:/home/ubuntu/robot_ws/install/serial_motor_demo:/home/ubuntu/robot_ws/install/joy_tester:/opt/ros/humble /usr/bin/cmake --install /home/ubuntu/robot_ws/build/gazebo_ros2_control
