[0.905s] Invoking command in '/home/ubuntu/robot_ws/build/xv11_lidar_python': PYTHONPATH=/home/ubuntu/robot_ws/build/xv11_lidar_python/prefix_override:/usr/lib/python3/dist-packages/colcon_core/task/python/colcon_distutils_commands:/home/ubuntu/robot_ws/install/xv11_lidar_python/lib/python3.10/site-packages:${PYTHONPATH} /usr/bin/python3 -W ignore:setup.py install is deprecated -W ignore:easy_install command is deprecated setup.py develop --editable --build-directory /home/ubuntu/robot_ws/build/xv11_lidar_python/build --no-deps symlink_data
[1.127s] running develop
[1.265s] running egg_info
[1.266s] creating xv11_lidar_python.egg-info
[1.266s] writing xv11_lidar_python.egg-info/PKG-INFO
[1.266s] writing dependency_links to xv11_lidar_python.egg-info/dependency_links.txt
[1.266s] writing entry points to xv11_lidar_python.egg-info/entry_points.txt
[1.266s] writing requirements to xv11_lidar_python.egg-info/requires.txt
[1.266s] writing top-level names to xv11_lidar_python.egg-info/top_level.txt
[1.266s] writing manifest file 'xv11_lidar_python.egg-info/SOURCES.txt'
[1.268s] reading manifest file 'xv11_lidar_python.egg-info/SOURCES.txt'
[1.268s] writing manifest file 'xv11_lidar_python.egg-info/SOURCES.txt'
[1.269s] running build_ext
[1.269s] Creating /home/ubuntu/robot_ws/install/xv11_lidar_python/lib/python3.10/site-packages/xv11-lidar-python.egg-link (link to .)
[1.270s] Installing xv11_lidar script to /home/ubuntu/robot_ws/install/xv11_lidar_python/lib/xv11_lidar_python
[1.270s] 
[1.270s] Installed /home/ubuntu/robot_ws/build/xv11_lidar_python
[1.271s] running symlink_data
[1.271s] creating /home/ubuntu/robot_ws/install/xv11_lidar_python/share/ament_index
[1.271s] creating /home/ubuntu/robot_ws/install/xv11_lidar_python/share/ament_index/resource_index
[1.271s] creating /home/ubuntu/robot_ws/install/xv11_lidar_python/share/ament_index/resource_index/packages
[1.271s] symbolically linking /home/ubuntu/robot_ws/build/xv11_lidar_python/resource/xv11_lidar_python -> /home/ubuntu/robot_ws/install/xv11_lidar_python/share/ament_index/resource_index/packages
[1.271s] symbolically linking /home/ubuntu/robot_ws/build/xv11_lidar_python/package.xml -> /home/ubuntu/robot_ws/install/xv11_lidar_python/share/xv11_lidar_python
[1.271s] creating /home/ubuntu/robot_ws/install/xv11_lidar_python/share/xv11_lidar_python/launch
[1.271s] symbolically linking /home/ubuntu/robot_ws/build/xv11_lidar_python/launch/xv11_lidar.launch.xml -> /home/ubuntu/robot_ws/install/xv11_lidar_python/share/xv11_lidar_python/launch
[1.271s] symbolically linking /home/ubuntu/robot_ws/build/xv11_lidar_python/launch/xv11_lidar.launch.py -> /home/ubuntu/robot_ws/install/xv11_lidar_python/share/xv11_lidar_python/launch
[1.306s] Invoked command in '/home/ubuntu/robot_ws/build/xv11_lidar_python' returned '0': PYTHONPATH=/home/ubuntu/robot_ws/build/xv11_lidar_python/prefix_override:/usr/lib/python3/dist-packages/colcon_core/task/python/colcon_distutils_commands:/home/ubuntu/robot_ws/install/xv11_lidar_python/lib/python3.10/site-packages:${PYTHONPATH} /usr/bin/python3 -W ignore:setup.py install is deprecated -W ignore:easy_install command is deprecated setup.py develop --editable --build-directory /home/ubuntu/robot_ws/build/xv11_lidar_python/build --no-deps symlink_data
