-- The C compiler identification is GNU 11.4.0
-- The CXX compiler identification is GNU 11.4.0
-- Detecting C compiler ABI info
-- Detecting C compiler ABI info - done
-- Check for working C compiler: /usr/bin/cc - skipped
-- Detecting C compile features
-- Detecting C compile features - done
-- Detecting CXX compiler ABI info
-- Detecting CXX compiler ABI info - done
-- Check for working CXX compiler: /usr/bin/c++ - skipped
-- Detecting CXX compile features
-- Detecting CXX compile features - done
-- Found ament_cmake: 1.3.12 (/opt/ros/humble/share/ament_cmake/cmake)
-- Found Python3: /usr/bin/python3 (found version "3.10.12") found components: Interpreter 
-- Override CMake install command with custom implementation using symlinks instead of copying resources
-- Configuring done
-- Generating done
-- Build files have been written to: /home/ubuntu/robot_ws/build/visualization_tutorials
-- Install configuration: ""
-- Execute custom install script
-- Symlinking: /home/ubuntu/robot_ws/install/visualization_tutorials/share/ament_index/resource_index/package_run_dependencies/visualization_tutorials
-- Symlinking: /home/ubuntu/robot_ws/install/visualization_tutorials/share/ament_index/resource_index/parent_prefix_path/visualization_tutorials
-- Symlinking: /home/ubuntu/robot_ws/install/visualization_tutorials/share/visualization_tutorials/environment/ament_prefix_path.sh
-- Symlinking: /home/ubuntu/robot_ws/install/visualization_tutorials/share/visualization_tutorials/environment/ament_prefix_path.dsv
-- Symlinking: /home/ubuntu/robot_ws/install/visualization_tutorials/share/visualization_tutorials/environment/path.sh
-- Symlinking: /home/ubuntu/robot_ws/install/visualization_tutorials/share/visualization_tutorials/environment/path.dsv
-- Symlinking: /home/ubuntu/robot_ws/install/visualization_tutorials/share/visualization_tutorials/local_setup.bash
-- Symlinking: /home/ubuntu/robot_ws/install/visualization_tutorials/share/visualization_tutorials/local_setup.sh
-- Symlinking: /home/ubuntu/robot_ws/install/visualization_tutorials/share/visualization_tutorials/local_setup.zsh
-- Symlinking: /home/ubuntu/robot_ws/install/visualization_tutorials/share/visualization_tutorials/local_setup.dsv
-- Symlinking: /home/ubuntu/robot_ws/install/visualization_tutorials/share/visualization_tutorials/package.dsv
-- Symlinking: /home/ubuntu/robot_ws/install/visualization_tutorials/share/ament_index/resource_index/packages/visualization_tutorials
-- Symlinking: /home/ubuntu/robot_ws/install/visualization_tutorials/share/visualization_tutorials/cmake/visualization_tutorialsConfig.cmake
-- Symlinking: /home/ubuntu/robot_ws/install/visualization_tutorials/share/visualization_tutorials/cmake/visualization_tutorialsConfig-version.cmake
-- Symlinking: /home/ubuntu/robot_ws/install/visualization_tutorials/share/visualization_tutorials/package.xml
