[0.011s] Invoking command in '/home/ubuntu/robot_ws/build/visualization_tutorials': AMENT_PREFIX_PATH=/home/ubuntu/robot_ws/install/visualization_marker_tutorials:/home/ubuntu/robot_ws/install/rviz_plugin_tutorials:/home/ubuntu/robot_ws/install/librviz_tutorial:/home/ubuntu/robot_ws/install/interactive_marker_tutorials:${AMENT_PREFIX_PATH} CMAKE_PREFIX_PATH=/home/ubuntu/robot_ws/install/visualization_marker_tutorials:/home/ubuntu/robot_ws/install/rviz_plugin_tutorials:/home/ubuntu/robot_ws/install/librviz_tutorial:/home/ubuntu/robot_ws/install/interactive_marker_tutorials:/home/ubuntu/robot_ws/install/serial_motor_demo_msgs:/home/ubuntu/robot_ws/install/my_bot:/home/ubuntu/robot_ws/install/gazebo_ros2_control_demos:/home/ubuntu/robot_ws/install/gazebo_ros2_control:/home/ubuntu/robot_ws/install/diffdrive_arduino:/home/ubuntu/robot_ws/install/xv11_lidar_python:/home/ubuntu/robot_ws/install/serial_motor_demo:/home/ubuntu/robot_ws/install/joy_tester:/opt/ros/humble LD_LIBRARY_PATH=/home/ubuntu/robot_ws/install/interactive_marker_tutorials/lib:${LD_LIBRARY_PATH} PATH=/home/ubuntu/robot_ws/install/interactive_marker_tutorials/bin:${PATH} /usr/bin/cmake /home/ubuntu/robot_ws/src/visualization_tutorials/visualization_tutorials -DAMENT_CMAKE_SYMLINK_INSTALL=1 -DCMAKE_INSTALL_PREFIX=/home/ubuntu/robot_ws/install/visualization_tutorials
[0.062s] -- The C compiler identification is GNU 11.4.0
[0.112s] -- The CXX compiler identification is GNU 11.4.0
[0.119s] -- Detecting C compiler ABI info
[0.181s] -- Detecting C compiler ABI info - done
[0.188s] -- Check for working C compiler: /usr/bin/cc - skipped
[0.189s] -- Detecting C compile features
[0.189s] -- Detecting C compile features - done
[0.191s] -- Detecting CXX compiler ABI info
[0.265s] -- Detecting CXX compiler ABI info - done
[0.271s] -- Check for working CXX compiler: /usr/bin/c++ - skipped
[0.271s] -- Detecting CXX compile features
[0.271s] -- Detecting CXX compile features - done
[0.275s] -- Found ament_cmake: 1.3.12 (/opt/ros/humble/share/ament_cmake/cmake)
[0.410s] -- Found Python3: /usr/bin/python3 (found version "3.10.12") found components: Interpreter 
[0.464s] -- Override CMake install command with custom implementation using symlinks instead of copying resources
[0.557s] -- Configuring done
[0.559s] -- Generating done
[0.561s] -- Build files have been written to: /home/ubuntu/robot_ws/build/visualization_tutorials
[0.565s] Invoked command in '/home/ubuntu/robot_ws/build/visualization_tutorials' returned '0': AMENT_PREFIX_PATH=/home/ubuntu/robot_ws/install/visualization_marker_tutorials:/home/ubuntu/robot_ws/install/rviz_plugin_tutorials:/home/ubuntu/robot_ws/install/librviz_tutorial:/home/ubuntu/robot_ws/install/interactive_marker_tutorials:${AMENT_PREFIX_PATH} CMAKE_PREFIX_PATH=/home/ubuntu/robot_ws/install/visualization_marker_tutorials:/home/ubuntu/robot_ws/install/rviz_plugin_tutorials:/home/ubuntu/robot_ws/install/librviz_tutorial:/home/ubuntu/robot_ws/install/interactive_marker_tutorials:/home/ubuntu/robot_ws/install/serial_motor_demo_msgs:/home/ubuntu/robot_ws/install/my_bot:/home/ubuntu/robot_ws/install/gazebo_ros2_control_demos:/home/ubuntu/robot_ws/install/gazebo_ros2_control:/home/ubuntu/robot_ws/install/diffdrive_arduino:/home/ubuntu/robot_ws/install/xv11_lidar_python:/home/ubuntu/robot_ws/install/serial_motor_demo:/home/ubuntu/robot_ws/install/joy_tester:/opt/ros/humble LD_LIBRARY_PATH=/home/ubuntu/robot_ws/install/interactive_marker_tutorials/lib:${LD_LIBRARY_PATH} PATH=/home/ubuntu/robot_ws/install/interactive_marker_tutorials/bin:${PATH} /usr/bin/cmake /home/ubuntu/robot_ws/src/visualization_tutorials/visualization_tutorials -DAMENT_CMAKE_SYMLINK_INSTALL=1 -DCMAKE_INSTALL_PREFIX=/home/ubuntu/robot_ws/install/visualization_tutorials
[0.566s] Invoking command in '/home/ubuntu/robot_ws/build/visualization_tutorials': AMENT_PREFIX_PATH=/home/ubuntu/robot_ws/install/visualization_marker_tutorials:/home/ubuntu/robot_ws/install/rviz_plugin_tutorials:/home/ubuntu/robot_ws/install/librviz_tutorial:/home/ubuntu/robot_ws/install/interactive_marker_tutorials:${AMENT_PREFIX_PATH} CMAKE_PREFIX_PATH=/home/ubuntu/robot_ws/install/visualization_marker_tutorials:/home/ubuntu/robot_ws/install/rviz_plugin_tutorials:/home/ubuntu/robot_ws/install/librviz_tutorial:/home/ubuntu/robot_ws/install/interactive_marker_tutorials:/home/ubuntu/robot_ws/install/serial_motor_demo_msgs:/home/ubuntu/robot_ws/install/my_bot:/home/ubuntu/robot_ws/install/gazebo_ros2_control_demos:/home/ubuntu/robot_ws/install/gazebo_ros2_control:/home/ubuntu/robot_ws/install/diffdrive_arduino:/home/ubuntu/robot_ws/install/xv11_lidar_python:/home/ubuntu/robot_ws/install/serial_motor_demo:/home/ubuntu/robot_ws/install/joy_tester:/opt/ros/humble LD_LIBRARY_PATH=/home/ubuntu/robot_ws/install/interactive_marker_tutorials/lib:${LD_LIBRARY_PATH} PATH=/home/ubuntu/robot_ws/install/interactive_marker_tutorials/bin:${PATH} /usr/bin/cmake --build /home/ubuntu/robot_ws/build/visualization_tutorials -- -j16 -l16
[0.603s] Invoked command in '/home/ubuntu/robot_ws/build/visualization_tutorials' returned '0': AMENT_PREFIX_PATH=/home/ubuntu/robot_ws/install/visualization_marker_tutorials:/home/ubuntu/robot_ws/install/rviz_plugin_tutorials:/home/ubuntu/robot_ws/install/librviz_tutorial:/home/ubuntu/robot_ws/install/interactive_marker_tutorials:${AMENT_PREFIX_PATH} CMAKE_PREFIX_PATH=/home/ubuntu/robot_ws/install/visualization_marker_tutorials:/home/ubuntu/robot_ws/install/rviz_plugin_tutorials:/home/ubuntu/robot_ws/install/librviz_tutorial:/home/ubuntu/robot_ws/install/interactive_marker_tutorials:/home/ubuntu/robot_ws/install/serial_motor_demo_msgs:/home/ubuntu/robot_ws/install/my_bot:/home/ubuntu/robot_ws/install/gazebo_ros2_control_demos:/home/ubuntu/robot_ws/install/gazebo_ros2_control:/home/ubuntu/robot_ws/install/diffdrive_arduino:/home/ubuntu/robot_ws/install/xv11_lidar_python:/home/ubuntu/robot_ws/install/serial_motor_demo:/home/ubuntu/robot_ws/install/joy_tester:/opt/ros/humble LD_LIBRARY_PATH=/home/ubuntu/robot_ws/install/interactive_marker_tutorials/lib:${LD_LIBRARY_PATH} PATH=/home/ubuntu/robot_ws/install/interactive_marker_tutorials/bin:${PATH} /usr/bin/cmake --build /home/ubuntu/robot_ws/build/visualization_tutorials -- -j16 -l16
[0.605s] Invoking command in '/home/ubuntu/robot_ws/build/visualization_tutorials': AMENT_PREFIX_PATH=/home/ubuntu/robot_ws/install/visualization_marker_tutorials:/home/ubuntu/robot_ws/install/rviz_plugin_tutorials:/home/ubuntu/robot_ws/install/librviz_tutorial:/home/ubuntu/robot_ws/install/interactive_marker_tutorials:${AMENT_PREFIX_PATH} CMAKE_PREFIX_PATH=/home/ubuntu/robot_ws/install/visualization_marker_tutorials:/home/ubuntu/robot_ws/install/rviz_plugin_tutorials:/home/ubuntu/robot_ws/install/librviz_tutorial:/home/ubuntu/robot_ws/install/interactive_marker_tutorials:/home/ubuntu/robot_ws/install/serial_motor_demo_msgs:/home/ubuntu/robot_ws/install/my_bot:/home/ubuntu/robot_ws/install/gazebo_ros2_control_demos:/home/ubuntu/robot_ws/install/gazebo_ros2_control:/home/ubuntu/robot_ws/install/diffdrive_arduino:/home/ubuntu/robot_ws/install/xv11_lidar_python:/home/ubuntu/robot_ws/install/serial_motor_demo:/home/ubuntu/robot_ws/install/joy_tester:/opt/ros/humble LD_LIBRARY_PATH=/home/ubuntu/robot_ws/install/interactive_marker_tutorials/lib:${LD_LIBRARY_PATH} PATH=/home/ubuntu/robot_ws/install/interactive_marker_tutorials/bin:${PATH} /usr/bin/cmake --install /home/ubuntu/robot_ws/build/visualization_tutorials
[0.611s] -- Install configuration: ""
[0.612s] -- Execute custom install script
[0.612s] -- Symlinking: /home/ubuntu/robot_ws/install/visualization_tutorials/share/ament_index/resource_index/package_run_dependencies/visualization_tutorials
[0.622s] -- Symlinking: /home/ubuntu/robot_ws/install/visualization_tutorials/share/ament_index/resource_index/parent_prefix_path/visualization_tutorials
[0.630s] -- Symlinking: /home/ubuntu/robot_ws/install/visualization_tutorials/share/visualization_tutorials/environment/ament_prefix_path.sh
[0.639s] -- Symlinking: /home/ubuntu/robot_ws/install/visualization_tutorials/share/visualization_tutorials/environment/ament_prefix_path.dsv
[0.647s] -- Symlinking: /home/ubuntu/robot_ws/install/visualization_tutorials/share/visualization_tutorials/environment/path.sh
[0.656s] -- Symlinking: /home/ubuntu/robot_ws/install/visualization_tutorials/share/visualization_tutorials/environment/path.dsv
[0.664s] -- Symlinking: /home/ubuntu/robot_ws/install/visualization_tutorials/share/visualization_tutorials/local_setup.bash
[0.672s] -- Symlinking: /home/ubuntu/robot_ws/install/visualization_tutorials/share/visualization_tutorials/local_setup.sh
[0.680s] -- Symlinking: /home/ubuntu/robot_ws/install/visualization_tutorials/share/visualization_tutorials/local_setup.zsh
[0.689s] -- Symlinking: /home/ubuntu/robot_ws/install/visualization_tutorials/share/visualization_tutorials/local_setup.dsv
[0.699s] -- Symlinking: /home/ubuntu/robot_ws/install/visualization_tutorials/share/visualization_tutorials/package.dsv
[0.708s] -- Symlinking: /home/ubuntu/robot_ws/install/visualization_tutorials/share/ament_index/resource_index/packages/visualization_tutorials
[0.718s] -- Symlinking: /home/ubuntu/robot_ws/install/visualization_tutorials/share/visualization_tutorials/cmake/visualization_tutorialsConfig.cmake
[0.727s] -- Symlinking: /home/ubuntu/robot_ws/install/visualization_tutorials/share/visualization_tutorials/cmake/visualization_tutorialsConfig-version.cmake
[0.736s] -- Symlinking: /home/ubuntu/robot_ws/install/visualization_tutorials/share/visualization_tutorials/package.xml
[0.746s] Invoked command in '/home/ubuntu/robot_ws/build/visualization_tutorials' returned '0': AMENT_PREFIX_PATH=/home/ubuntu/robot_ws/install/visualization_marker_tutorials:/home/ubuntu/robot_ws/install/rviz_plugin_tutorials:/home/ubuntu/robot_ws/install/librviz_tutorial:/home/ubuntu/robot_ws/install/interactive_marker_tutorials:${AMENT_PREFIX_PATH} CMAKE_PREFIX_PATH=/home/ubuntu/robot_ws/install/visualization_marker_tutorials:/home/ubuntu/robot_ws/install/rviz_plugin_tutorials:/home/ubuntu/robot_ws/install/librviz_tutorial:/home/ubuntu/robot_ws/install/interactive_marker_tutorials:/home/ubuntu/robot_ws/install/serial_motor_demo_msgs:/home/ubuntu/robot_ws/install/my_bot:/home/ubuntu/robot_ws/install/gazebo_ros2_control_demos:/home/ubuntu/robot_ws/install/gazebo_ros2_control:/home/ubuntu/robot_ws/install/diffdrive_arduino:/home/ubuntu/robot_ws/install/xv11_lidar_python:/home/ubuntu/robot_ws/install/serial_motor_demo:/home/ubuntu/robot_ws/install/joy_tester:/opt/ros/humble LD_LIBRARY_PATH=/home/ubuntu/robot_ws/install/interactive_marker_tutorials/lib:${LD_LIBRARY_PATH} PATH=/home/ubuntu/robot_ws/install/interactive_marker_tutorials/bin:${PATH} /usr/bin/cmake --install /home/ubuntu/robot_ws/build/visualization_tutorials
