[0.696s] Invoking command in '/home/ubuntu/robot_ws/build/serial_motor_demo': PYTHONPATH=/home/ubuntu/robot_ws/build/serial_motor_demo/prefix_override:/usr/lib/python3/dist-packages/colcon_core/task/python/colcon_distutils_commands:/home/ubuntu/robot_ws/install/serial_motor_demo/lib/python3.10/site-packages:${PYTHONPATH} /usr/bin/python3 -W ignore:setup.py install is deprecated -W ignore:easy_install command is deprecated setup.py develop --editable --build-directory /home/ubuntu/robot_ws/build/serial_motor_demo/build --no-deps symlink_data
[0.932s] /usr/lib/python3/dist-packages/setuptools/dist.py:723: UserWarning: Usage of dash-separated 'script-dir' will not be supported in future versions. Please use the underscore name 'script_dir' instead
[0.932s]   warnings.warn(
[0.959s] running develop
[1.099s] running egg_info
[1.099s] writing serial_motor_demo.egg-info/PKG-INFO
[1.099s] writing dependency_links to serial_motor_demo.egg-info/dependency_links.txt
[1.099s] writing entry points to serial_motor_demo.egg-info/entry_points.txt
[1.099s] writing requirements to serial_motor_demo.egg-info/requires.txt
[1.100s] writing top-level names to serial_motor_demo.egg-info/top_level.txt
[1.101s] reading manifest file 'serial_motor_demo.egg-info/SOURCES.txt'
[1.102s] writing manifest file 'serial_motor_demo.egg-info/SOURCES.txt'
[1.103s] running build_ext
[1.103s] Creating /home/ubuntu/robot_ws/install/serial_motor_demo/lib/python3.10/site-packages/serial-motor-demo.egg-link (link to .)
[1.104s] Installing driver script to /home/ubuntu/robot_ws/install/serial_motor_demo/lib/serial_motor_demo
[1.104s] Installing gui script to /home/ubuntu/robot_ws/install/serial_motor_demo/lib/serial_motor_demo
[1.104s] 
[1.104s] Installed /home/ubuntu/robot_ws/build/serial_motor_demo
[1.104s] running symlink_data
[1.130s] Invoked command in '/home/ubuntu/robot_ws/build/serial_motor_demo' returned '0': PYTHONPATH=/home/ubuntu/robot_ws/build/serial_motor_demo/prefix_override:/usr/lib/python3/dist-packages/colcon_core/task/python/colcon_distutils_commands:/home/ubuntu/robot_ws/install/serial_motor_demo/lib/python3.10/site-packages:${PYTHONPATH} /usr/bin/python3 -W ignore:setup.py install is deprecated -W ignore:easy_install command is deprecated setup.py develop --editable --build-directory /home/ubuntu/robot_ws/build/serial_motor_demo/build --no-deps symlink_data
