[0.038s] Invoking command in '/home/ubuntu/robot_ws/build/librviz_tutorial': CMAKE_PREFIX_PATH=${CMAKE_PREFIX_PATH}:/home/ubuntu/robot_ws/install/xv11_lidar_python:/home/ubuntu/robot_ws/install/serial_motor_demo:/home/ubuntu/robot_ws/install/joy_tester:/opt/ros/humble /usr/bin/cmake /home/ubuntu/robot_ws/src/visualization_tutorials/librviz_tutorial -DAMENT_CMAKE_SYMLINK_INSTALL=1 -DCMAKE_INSTALL_PREFIX=/home/ubuntu/robot_ws/install/librviz_tutorial
[0.329s] -- The C compiler identification is GNU 11.4.0
[0.329s] -- The CXX compiler identification is GNU 11.4.0
[0.329s] -- Detecting C compiler ABI info
[0.329s] -- Detecting C compiler ABI info - done
[0.330s] -- Check for working C compiler: /usr/bin/cc - skipped
[0.330s] -- Detecting C compile features
[0.330s] -- Detecting C compile features - done
[0.330s] -- Detecting CXX compiler ABI info
[0.330s] -- Detecting CXX compiler ABI info - done
[0.335s] -- Check for working CXX compiler: /usr/bin/c++ - skipped
[0.335s] -- Detecting CXX compile features
[0.337s] -- Detecting CXX compile features - done
[0.338s] -- Found ament_cmake: 1.3.12 (/opt/ros/humble/share/ament_cmake/cmake)
[0.489s] -- Found Python3: /usr/bin/python3 (found version "3.10.12") found components: Interpreter 
[0.553s] -- Override CMake install command with custom implementation using symlinks instead of copying resources
[0.635s] -- Found rclcpp: 16.0.16 (/opt/ros/humble/share/rclcpp/cmake)
[0.681s] -- Found rosidl_generator_c: 3.1.7 (/opt/ros/humble/share/rosidl_generator_c/cmake)
[0.692s] -- Found rosidl_adapter: 3.1.7 (/opt/ros/humble/share/rosidl_adapter/cmake)
[0.700s] -- Found rosidl_generator_cpp: 3.1.7 (/opt/ros/humble/share/rosidl_generator_cpp/cmake)
[0.719s] -- Using all available rosidl_typesupport_c: rosidl_typesupport_fastrtps_c;rosidl_typesupport_introspection_c
[0.740s] -- Using all available rosidl_typesupport_cpp: rosidl_typesupport_fastrtps_cpp;rosidl_typesupport_introspection_cpp
[0.817s] -- Found rmw_implementation_cmake: 6.1.2 (/opt/ros/humble/share/rmw_implementation_cmake/cmake)
[0.821s] -- Found rmw_fastrtps_cpp: 6.2.9 (/opt/ros/humble/share/rmw_fastrtps_cpp/cmake)
[0.949s] -- Found OpenSSL: /usr/lib/x86_64-linux-gnu/libcrypto.so (found version "3.0.2")  
[0.983s] -- Found FastRTPS: /opt/ros/humble/include  
[1.037s] -- Using RMW implementation 'rmw_fastrtps_cpp' as default
[1.050s] -- Looking for pthread.h
[1.136s] -- Looking for pthread.h - found
[1.136s] -- Performing Test CMAKE_HAVE_LIBC_PTHREAD
[1.232s] -- Performing Test CMAKE_HAVE_LIBC_PTHREAD - Success
[1.234s] -- Found Threads: TRUE  
[1.301s] -- Found rviz_common: 11.2.23 (/opt/ros/humble/share/rviz_common/cmake)
[1.315s] -- Setting assimp_DIR to: '/opt/ros/humble/share/rviz_assimp_vendor/cmake/../../../opt/rviz_assimp_vendor/lib/cmake/assimp-4.1'
[1.335s] -- Setting OGRE_DIR to: '/opt/ros/humble/share/rviz_ogre_vendor/cmake/../../../opt/rviz_ogre_vendor/lib/OGRE/cmake'
[1.337s] -- Found OGRE
[1.338s] --   static     : OFF
[1.338s] --   components : HLMS;MeshLodGenerator;Overlay;Paging;Property;RTShaderSystem;Terrain;Volume
[1.338s] --   plugins    : Plugin_BSPSceneManager;Plugin_OctreeSceneManager;Plugin_PCZSceneManager;Plugin_ParticleFX;RenderSystem_GL;RenderSystem_GL3Plus;Codec_STBI
[1.338s] --   media      : /opt/ros/humble/opt/rviz_ogre_vendor/share/OGRE/Media
[1.338s] -- OGRE_LIBRARIES: OgreHLMS;OgreMeshLodGenerator;OgreOverlay;OgrePaging;OgreProperty;OgreRTShaderSystem;OgreTerrain;OgreVolume;OgreMain
[1.338s] -- OGRE_LIBRARY_DIRS: /opt/ros/humble/opt/rviz_ogre_vendor/lib
[1.339s] -- OGRE_PLUGINS: Plugin_BSPSceneManager;Plugin_OctreeSceneManager;Plugin_PCZSceneManager;Plugin_ParticleFX;RenderSystem_GL;RenderSystem_GL3Plus;Codec_STBI
[1.339s] -- OGRE_PLUGIN_DIR: /opt/ros/humble/opt/rviz_ogre_vendor/lib/OGRE
[1.339s] -- rviz_ogre_vendor::OgreOverlay for IMPORTED_LOCATION_RELEASE: /opt/ros/humble/opt/rviz_ogre_vendor/lib/libOgreOverlay.so
[1.339s] -- rviz_ogre_vendor::OgreOverlay for IMPORTED_LOCATION_DEBUG: /opt/ros/humble/opt/rviz_ogre_vendor/lib/libOgreOverlay.so
[1.339s] -- rviz_ogre_vendor::OgreMain for IMPORTED_LOCATION_RELEASE: /opt/ros/humble/opt/rviz_ogre_vendor/lib/libOgreMain.so
[1.339s] -- rviz_ogre_vendor::OgreMain for IMPORTED_LOCATION_DEBUG: /opt/ros/humble/opt/rviz_ogre_vendor/lib/libOgreMain.so
[1.365s] -- Found ZLIB: /usr/lib/x86_64-linux-gnu/libz.so (found version "1.2.11") 
[1.375s] -- Found OpenGL: /usr/lib/x86_64-linux-gnu/libOpenGL.so   
[1.500s] -- Found X11: /usr/include   
[1.500s] -- Looking for XOpenDisplay in /usr/lib/x86_64-linux-gnu/libX11.so;/usr/lib/x86_64-linux-gnu/libXext.so
[1.604s] -- Looking for XOpenDisplay in /usr/lib/x86_64-linux-gnu/libX11.so;/usr/lib/x86_64-linux-gnu/libXext.so - found
[1.605s] -- Looking for gethostbyname
[1.690s] -- Looking for gethostbyname - found
[1.691s] -- Looking for connect
[1.776s] -- Looking for connect - found
[1.776s] -- Looking for remove
[1.882s] -- Looking for remove - found
[1.882s] -- Looking for shmat
[2.001s] -- Looking for shmat - found
[2.001s] -- Looking for IceConnectionNumber in ICE
[2.130s] -- Looking for IceConnectionNumber in ICE - found
[2.293s] -- library: /usr/lib/x86_64-linux-gnu/libcurl.so
[2.399s] -- Found Eigen3: TRUE (found version "3.4.0") 
[2.400s] -- Ensuring Eigen3 include directory is part of orocos-kdl CMake target
[2.550s] -- Found rviz_default_plugins: 11.2.23 (/opt/ros/humble/share/rviz_default_plugins/cmake)
[2.757s] -- Found ament_lint_auto: 0.12.14 (/opt/ros/humble/share/ament_lint_auto/cmake)
[2.937s] -- Added test 'copyright' to check source files copyright and LICENSE
[2.940s] -- Added test 'cppcheck' to perform static code analysis on C / C++ code
[2.940s] -- Configured cppcheck include dirs: 
[2.940s] -- Configured cppcheck exclude dirs and/or files: 
[2.942s] -- Added test 'cpplint' to check C / C++ code against the Google style
[2.942s] -- Configured cpplint exclude dirs and/or files: 
[2.943s] -- Added test 'flake8' to check Python code syntax and style conventions
[2.944s] -- Added test 'lint_cmake' to check CMake code style
[2.945s] -- Added test 'pep257' to check Python code against some of the docstring style conventions in PEP 257
[2.947s] -- Added test 'uncrustify' to check C / C++ code style
[2.947s] -- Configured uncrustify additional arguments: 
[2.948s] -- Added test 'xmllint' to check XML markup files
[2.952s] -- Configuring done
[3.012s] -- Generating done
[3.023s] -- Build files have been written to: /home/ubuntu/robot_ws/build/librviz_tutorial
[3.054s] Invoked command in '/home/ubuntu/robot_ws/build/librviz_tutorial' returned '0': CMAKE_PREFIX_PATH=${CMAKE_PREFIX_PATH}:/home/ubuntu/robot_ws/install/xv11_lidar_python:/home/ubuntu/robot_ws/install/serial_motor_demo:/home/ubuntu/robot_ws/install/joy_tester:/opt/ros/humble /usr/bin/cmake /home/ubuntu/robot_ws/src/visualization_tutorials/librviz_tutorial -DAMENT_CMAKE_SYMLINK_INSTALL=1 -DCMAKE_INSTALL_PREFIX=/home/ubuntu/robot_ws/install/librviz_tutorial
[3.056s] Invoking command in '/home/ubuntu/robot_ws/build/librviz_tutorial': CMAKE_PREFIX_PATH=${CMAKE_PREFIX_PATH}:/home/ubuntu/robot_ws/install/xv11_lidar_python:/home/ubuntu/robot_ws/install/serial_motor_demo:/home/ubuntu/robot_ws/install/joy_tester:/opt/ros/humble /usr/bin/cmake --build /home/ubuntu/robot_ws/build/librviz_tutorial -- -j16 -l16
[3.163s] [ 20%] [34m[1mAutomatic MOC for target myviz[0m
[3.676s] [ 20%] Built target myviz_autogen
[3.742s] [ 40%] [32mBuilding CXX object CMakeFiles/myviz.dir/myviz_autogen/mocs_compilation.cpp.o[0m
[3.742s] [ 80%] [32mBuilding CXX object CMakeFiles/myviz.dir/src/main.cpp.o[0m
[3.743s] [ 60%] [32mBuilding CXX object CMakeFiles/myviz.dir/src/myviz.cpp.o[0m
[12.100s] [100%] [32m[1mLinking CXX executable myviz[0m
[14.223s] [100%] Built target myviz
[14.236s] Invoked command in '/home/ubuntu/robot_ws/build/librviz_tutorial' returned '0': CMAKE_PREFIX_PATH=${CMAKE_PREFIX_PATH}:/home/ubuntu/robot_ws/install/xv11_lidar_python:/home/ubuntu/robot_ws/install/serial_motor_demo:/home/ubuntu/robot_ws/install/joy_tester:/opt/ros/humble /usr/bin/cmake --build /home/ubuntu/robot_ws/build/librviz_tutorial -- -j16 -l16
[14.238s] Invoking command in '/home/ubuntu/robot_ws/build/librviz_tutorial': CMAKE_PREFIX_PATH=${CMAKE_PREFIX_PATH}:/home/ubuntu/robot_ws/install/xv11_lidar_python:/home/ubuntu/robot_ws/install/serial_motor_demo:/home/ubuntu/robot_ws/install/joy_tester:/opt/ros/humble /usr/bin/cmake --install /home/ubuntu/robot_ws/build/librviz_tutorial
[14.245s] -- Install configuration: ""
[14.245s] -- Execute custom install script
[14.245s] -- Symlinking: /home/ubuntu/robot_ws/install/librviz_tutorial/lib/librviz_tutorial/myviz
[14.255s] -- Symlinking: /home/ubuntu/robot_ws/install/librviz_tutorial/share/ament_index/resource_index/package_run_dependencies/librviz_tutorial
[14.265s] -- Symlinking: /home/ubuntu/robot_ws/install/librviz_tutorial/share/ament_index/resource_index/parent_prefix_path/librviz_tutorial
[14.275s] -- Symlinking: /home/ubuntu/robot_ws/install/librviz_tutorial/share/librviz_tutorial/environment/ament_prefix_path.sh
[14.284s] -- Symlinking: /home/ubuntu/robot_ws/install/librviz_tutorial/share/librviz_tutorial/environment/ament_prefix_path.dsv
[14.294s] -- Symlinking: /home/ubuntu/robot_ws/install/librviz_tutorial/share/librviz_tutorial/environment/path.sh
[14.303s] -- Symlinking: /home/ubuntu/robot_ws/install/librviz_tutorial/share/librviz_tutorial/environment/path.dsv
[14.313s] -- Symlinking: /home/ubuntu/robot_ws/install/librviz_tutorial/share/librviz_tutorial/local_setup.bash
[14.323s] -- Symlinking: /home/ubuntu/robot_ws/install/librviz_tutorial/share/librviz_tutorial/local_setup.sh
[14.332s] -- Symlinking: /home/ubuntu/robot_ws/install/librviz_tutorial/share/librviz_tutorial/local_setup.zsh
[14.342s] -- Symlinking: /home/ubuntu/robot_ws/install/librviz_tutorial/share/librviz_tutorial/local_setup.dsv
[14.351s] -- Symlinking: /home/ubuntu/robot_ws/install/librviz_tutorial/share/librviz_tutorial/package.dsv
[14.360s] -- Symlinking: /home/ubuntu/robot_ws/install/librviz_tutorial/share/ament_index/resource_index/packages/librviz_tutorial
[14.370s] -- Symlinking: /home/ubuntu/robot_ws/install/librviz_tutorial/share/librviz_tutorial/cmake/ament_cmake_export_dependencies-extras.cmake
[14.380s] -- Symlinking: /home/ubuntu/robot_ws/install/librviz_tutorial/share/librviz_tutorial/cmake/librviz_tutorialConfig.cmake
[14.389s] -- Symlinking: /home/ubuntu/robot_ws/install/librviz_tutorial/share/librviz_tutorial/cmake/librviz_tutorialConfig-version.cmake
[14.399s] -- Symlinking: /home/ubuntu/robot_ws/install/librviz_tutorial/share/librviz_tutorial/package.xml
[14.410s] Invoked command in '/home/ubuntu/robot_ws/build/librviz_tutorial' returned '0': CMAKE_PREFIX_PATH=${CMAKE_PREFIX_PATH}:/home/ubuntu/robot_ws/install/xv11_lidar_python:/home/ubuntu/robot_ws/install/serial_motor_demo:/home/ubuntu/robot_ws/install/joy_tester:/opt/ros/humble /usr/bin/cmake --install /home/ubuntu/robot_ws/build/librviz_tutorial
