[0.042s] Invoking command in '/home/ubuntu/robot_ws/build/interactive_marker_tutorials': CMAKE_PREFIX_PATH=${CMAKE_PREFIX_PATH}:/home/ubuntu/robot_ws/install/xv11_lidar_python:/home/ubuntu/robot_ws/install/serial_motor_demo:/home/ubuntu/robot_ws/install/joy_tester:/opt/ros/humble /usr/bin/cmake --build /home/ubuntu/robot_ws/build/interactive_marker_tutorials -- -j16 -l16
[0.409s] [35m[1mConsolidate compiler generated dependencies of target simple_marker[0m
[0.410s] [35m[1mConsolidate compiler generated dependencies of target pong[0m
[0.410s] [35m[1mConsolidate compiler generated dependencies of target basic_controls[0m
[0.410s] [35m[1mConsolidate compiler generated dependencies of target menu[0m
[0.410s] [35m[1mConsolidate compiler generated dependencies of target selection[0m
[0.410s] [35m[1mConsolidate compiler generated dependencies of target cube[0m
[0.411s] [35m[1mConsolidate compiler generated dependencies of target pong_library[0m
[0.411s] [ 14%] Built target pong
[0.411s] [ 28%] Built target selection
[0.411s] [ 42%] Built target basic_controls
[0.411s] [ 57%] Built target cube
[0.411s] [ 71%] Built target simple_marker
[0.411s] [ 85%] Built target pong_library
[0.412s] [100%] Built target menu
[0.684s] Invoked command in '/home/ubuntu/robot_ws/build/interactive_marker_tutorials' returned '0': CMAKE_PREFIX_PATH=${CMAKE_PREFIX_PATH}:/home/ubuntu/robot_ws/install/xv11_lidar_python:/home/ubuntu/robot_ws/install/serial_motor_demo:/home/ubuntu/robot_ws/install/joy_tester:/opt/ros/humble /usr/bin/cmake --build /home/ubuntu/robot_ws/build/interactive_marker_tutorials -- -j16 -l16
[0.686s] Invoking command in '/home/ubuntu/robot_ws/build/interactive_marker_tutorials': CMAKE_PREFIX_PATH=${CMAKE_PREFIX_PATH}:/home/ubuntu/robot_ws/install/xv11_lidar_python:/home/ubuntu/robot_ws/install/serial_motor_demo:/home/ubuntu/robot_ws/install/joy_tester:/opt/ros/humble /usr/bin/cmake --install /home/ubuntu/robot_ws/build/interactive_marker_tutorials
[0.695s] -- Install configuration: ""
[0.696s] -- Execute custom install script
[0.696s] -- Up-to-date symlink: /home/ubuntu/robot_ws/install/interactive_marker_tutorials/lib/interactive_marker_tutorials/pong
[0.696s] -- Up-to-date symlink: /home/ubuntu/robot_ws/install/interactive_marker_tutorials/bin/basic_controls.py
[0.696s] -- Up-to-date symlink: /home/ubuntu/robot_ws/install/interactive_marker_tutorials/bin/cube.py
[0.696s] -- Up-to-date symlink: /home/ubuntu/robot_ws/install/interactive_marker_tutorials/bin/menu.py
[0.696s] -- Up-to-date symlink: /home/ubuntu/robot_ws/install/interactive_marker_tutorials/bin/simple_marker.py
[0.696s] -- Up-to-date symlink: /home/ubuntu/robot_ws/install/interactive_marker_tutorials/lib/libpong_library.so
[0.696s] -- Up-to-date symlink: /home/ubuntu/robot_ws/install/interactive_marker_tutorials/lib/interactive_marker_tutorials/basic_controls
[0.697s] -- Up-to-date symlink: /home/ubuntu/robot_ws/install/interactive_marker_tutorials/lib/interactive_marker_tutorials/cube
[0.697s] -- Up-to-date symlink: /home/ubuntu/robot_ws/install/interactive_marker_tutorials/lib/interactive_marker_tutorials/selection
[0.700s] -- Up-to-date symlink: /home/ubuntu/robot_ws/install/interactive_marker_tutorials/lib/interactive_marker_tutorials/simple_marker
[0.700s] -- Up-to-date symlink: /home/ubuntu/robot_ws/install/interactive_marker_tutorials/lib/interactive_marker_tutorials/menu
[0.700s] -- Up-to-date symlink: /home/ubuntu/robot_ws/install/interactive_marker_tutorials/share/ament_index/resource_index/package_run_dependencies/interactive_marker_tutorials
[0.700s] -- Up-to-date symlink: /home/ubuntu/robot_ws/install/interactive_marker_tutorials/share/ament_index/resource_index/parent_prefix_path/interactive_marker_tutorials
[0.701s] -- Up-to-date symlink: /home/ubuntu/robot_ws/install/interactive_marker_tutorials/share/interactive_marker_tutorials/environment/ament_prefix_path.sh
[0.701s] -- Up-to-date symlink: /home/ubuntu/robot_ws/install/interactive_marker_tutorials/share/interactive_marker_tutorials/environment/ament_prefix_path.dsv
[0.701s] -- Up-to-date symlink: /home/ubuntu/robot_ws/install/interactive_marker_tutorials/share/interactive_marker_tutorials/environment/path.sh
[0.701s] -- Up-to-date symlink: /home/ubuntu/robot_ws/install/interactive_marker_tutorials/share/interactive_marker_tutorials/environment/path.dsv
[0.701s] -- Up-to-date symlink: /home/ubuntu/robot_ws/install/interactive_marker_tutorials/share/interactive_marker_tutorials/local_setup.bash
[0.701s] -- Up-to-date symlink: /home/ubuntu/robot_ws/install/interactive_marker_tutorials/share/interactive_marker_tutorials/local_setup.sh
[0.701s] -- Up-to-date symlink: /home/ubuntu/robot_ws/install/interactive_marker_tutorials/share/interactive_marker_tutorials/local_setup.zsh
[0.701s] -- Up-to-date symlink: /home/ubuntu/robot_ws/install/interactive_marker_tutorials/share/interactive_marker_tutorials/local_setup.dsv
[0.702s] -- Symlinking: /home/ubuntu/robot_ws/install/interactive_marker_tutorials/share/interactive_marker_tutorials/package.dsv
[0.709s] -- Up-to-date symlink: /home/ubuntu/robot_ws/install/interactive_marker_tutorials/share/ament_index/resource_index/packages/interactive_marker_tutorials
[0.709s] -- Up-to-date symlink: /home/ubuntu/robot_ws/install/interactive_marker_tutorials/share/ament_index/resource_index/rclcpp_components/interactive_marker_tutorials
[0.709s] -- Up-to-date symlink: /home/ubuntu/robot_ws/install/interactive_marker_tutorials/share/interactive_marker_tutorials/cmake/ament_cmake_export_dependencies-extras.cmake
[0.711s] -- Up-to-date symlink: /home/ubuntu/robot_ws/install/interactive_marker_tutorials/share/interactive_marker_tutorials/cmake/interactive_marker_tutorialsConfig.cmake
[0.711s] -- Up-to-date symlink: /home/ubuntu/robot_ws/install/interactive_marker_tutorials/share/interactive_marker_tutorials/cmake/interactive_marker_tutorialsConfig-version.cmake
[0.711s] -- Up-to-date symlink: /home/ubuntu/robot_ws/install/interactive_marker_tutorials/share/interactive_marker_tutorials/package.xml
[0.792s] Invoked command in '/home/ubuntu/robot_ws/build/interactive_marker_tutorials' returned '0': CMAKE_PREFIX_PATH=${CMAKE_PREFIX_PATH}:/home/ubuntu/robot_ws/install/xv11_lidar_python:/home/ubuntu/robot_ws/install/serial_motor_demo:/home/ubuntu/robot_ws/install/joy_tester:/opt/ros/humble /usr/bin/cmake --install /home/ubuntu/robot_ws/build/interactive_marker_tutorials
