[0.032s] Invoking command in '/home/ubuntu/robot_ws/build/visualization_marker_tutorials': CMAKE_PREFIX_PATH=${CMAKE_PREFIX_PATH}:/home/ubuntu/robot_ws/install/xv11_lidar_python:/home/ubuntu/robot_ws/install/serial_motor_demo:/home/ubuntu/robot_ws/install/joy_tester:/opt/ros/humble /usr/bin/cmake /home/ubuntu/robot_ws/src/visualization_tutorials/visualization_marker_tutorials -DAMENT_CMAKE_SYMLINK_INSTALL=1 -DCMAKE_INSTALL_PREFIX=/home/ubuntu/robot_ws/install/visualization_marker_tutorials
[0.323s] -- The C compiler identification is GNU 11.4.0
[0.323s] -- The CXX compiler identification is GNU 11.4.0
[0.324s] -- Detecting C compiler ABI info
[0.324s] -- Detecting C compiler ABI info - done
[0.324s] -- Check for working C compiler: /usr/bin/cc - skipped
[0.324s] -- Detecting C compile features
[0.324s] -- Detecting C compile features - done
[0.324s] -- Detecting CXX compiler ABI info
[0.334s] -- Detecting CXX compiler ABI info - done
[0.341s] -- Check for working CXX compiler: /usr/bin/c++ - skipped
[0.341s] -- Detecting CXX compile features
[0.342s] -- Detecting CXX compile features - done
[0.345s] -- Found ament_cmake: 1.3.12 (/opt/ros/humble/share/ament_cmake/cmake)
[0.499s] -- Found Python3: /usr/bin/python3 (found version "3.10.12") found components: Interpreter 
[0.564s] -- Override CMake install command with custom implementation using symlinks instead of copying resources
[0.610s] -- Found rclcpp: 16.0.16 (/opt/ros/humble/share/rclcpp/cmake)
[0.662s] -- Found rosidl_generator_c: 3.1.7 (/opt/ros/humble/share/rosidl_generator_c/cmake)
[0.670s] -- Found rosidl_adapter: 3.1.7 (/opt/ros/humble/share/rosidl_adapter/cmake)
[0.681s] -- Found rosidl_generator_cpp: 3.1.7 (/opt/ros/humble/share/rosidl_generator_cpp/cmake)
[0.707s] -- Using all available rosidl_typesupport_c: rosidl_typesupport_fastrtps_c;rosidl_typesupport_introspection_c
[0.731s] -- Using all available rosidl_typesupport_cpp: rosidl_typesupport_fastrtps_cpp;rosidl_typesupport_introspection_cpp
[0.801s] -- Found rmw_implementation_cmake: 6.1.2 (/opt/ros/humble/share/rmw_implementation_cmake/cmake)
[0.807s] -- Found rmw_fastrtps_cpp: 6.2.9 (/opt/ros/humble/share/rmw_fastrtps_cpp/cmake)
[0.937s] -- Found OpenSSL: /usr/lib/x86_64-linux-gnu/libcrypto.so (found version "3.0.2")  
[0.970s] -- Found FastRTPS: /opt/ros/humble/include  
[1.025s] -- Using RMW implementation 'rmw_fastrtps_cpp' as default
[1.038s] -- Looking for pthread.h
[1.123s] -- Looking for pthread.h - found
[1.124s] -- Performing Test CMAKE_HAVE_LIBC_PTHREAD
[1.213s] -- Performing Test CMAKE_HAVE_LIBC_PTHREAD - Success
[1.214s] -- Found Threads: TRUE  
[1.276s] -- Found geometry_msgs: 4.9.0 (/opt/ros/humble/share/geometry_msgs/cmake)
[1.292s] -- Found visualization_msgs: 4.9.0 (/opt/ros/humble/share/visualization_msgs/cmake)
[1.349s] -- Found ament_lint_auto: 0.12.14 (/opt/ros/humble/share/ament_lint_auto/cmake)
[1.455s] -- Added test 'copyright' to check source files copyright and LICENSE
[1.457s] -- Added test 'cppcheck' to perform static code analysis on C / C++ code
[1.457s] -- Configured cppcheck include dirs: 
[1.457s] -- Configured cppcheck exclude dirs and/or files: 
[1.458s] -- Added test 'cpplint' to check C / C++ code against the Google style
[1.458s] -- Configured cpplint exclude dirs and/or files: 
[1.458s] -- Added test 'flake8' to check Python code syntax and style conventions
[1.459s] -- Added test 'lint_cmake' to check CMake code style
[1.460s] -- Added test 'pep257' to check Python code against some of the docstring style conventions in PEP 257
[1.461s] -- Added test 'uncrustify' to check C / C++ code style
[1.461s] -- Configured uncrustify additional arguments: 
[1.462s] -- Added test 'xmllint' to check XML markup files
[1.464s] -- Configuring done
[1.480s] -- Generating done
[1.485s] -- Build files have been written to: /home/ubuntu/robot_ws/build/visualization_marker_tutorials
[1.497s] Invoked command in '/home/ubuntu/robot_ws/build/visualization_marker_tutorials' returned '0': CMAKE_PREFIX_PATH=${CMAKE_PREFIX_PATH}:/home/ubuntu/robot_ws/install/xv11_lidar_python:/home/ubuntu/robot_ws/install/serial_motor_demo:/home/ubuntu/robot_ws/install/joy_tester:/opt/ros/humble /usr/bin/cmake /home/ubuntu/robot_ws/src/visualization_tutorials/visualization_marker_tutorials -DAMENT_CMAKE_SYMLINK_INSTALL=1 -DCMAKE_INSTALL_PREFIX=/home/ubuntu/robot_ws/install/visualization_marker_tutorials
[1.500s] Invoking command in '/home/ubuntu/robot_ws/build/visualization_marker_tutorials': CMAKE_PREFIX_PATH=${CMAKE_PREFIX_PATH}:/home/ubuntu/robot_ws/install/xv11_lidar_python:/home/ubuntu/robot_ws/install/serial_motor_demo:/home/ubuntu/robot_ws/install/joy_tester:/opt/ros/humble /usr/bin/cmake --build /home/ubuntu/robot_ws/build/visualization_marker_tutorials -- -j16 -l16
[1.564s] [ 25%] [32mBuilding CXX object CMakeFiles/basic_shapes.dir/src/basic_shapes.cpp.o[0m
[1.567s] [ 50%] [32mBuilding CXX object CMakeFiles/points_and_lines.dir/src/points_and_lines.cpp.o[0m
[8.622s] [ 75%] [32m[1mLinking CXX executable basic_shapes[0m
[8.915s] [ 75%] Built target basic_shapes
[9.539s] [100%] [32m[1mLinking CXX executable points_and_lines[0m
[9.789s] [100%] Built target points_and_lines
[9.806s] Invoked command in '/home/ubuntu/robot_ws/build/visualization_marker_tutorials' returned '0': CMAKE_PREFIX_PATH=${CMAKE_PREFIX_PATH}:/home/ubuntu/robot_ws/install/xv11_lidar_python:/home/ubuntu/robot_ws/install/serial_motor_demo:/home/ubuntu/robot_ws/install/joy_tester:/opt/ros/humble /usr/bin/cmake --build /home/ubuntu/robot_ws/build/visualization_marker_tutorials -- -j16 -l16
[9.809s] Invoking command in '/home/ubuntu/robot_ws/build/visualization_marker_tutorials': CMAKE_PREFIX_PATH=${CMAKE_PREFIX_PATH}:/home/ubuntu/robot_ws/install/xv11_lidar_python:/home/ubuntu/robot_ws/install/serial_motor_demo:/home/ubuntu/robot_ws/install/joy_tester:/opt/ros/humble /usr/bin/cmake --install /home/ubuntu/robot_ws/build/visualization_marker_tutorials
[9.819s] -- Install configuration: ""
[9.819s] -- Execute custom install script
[9.820s] -- Symlinking: /home/ubuntu/robot_ws/install/visualization_marker_tutorials/lib/visualization_marker_tutorials/basic_shapes
[9.832s] -- Symlinking: /home/ubuntu/robot_ws/install/visualization_marker_tutorials/lib/visualization_marker_tutorials/points_and_lines
[9.845s] -- Symlinking: /home/ubuntu/robot_ws/install/visualization_marker_tutorials/share/ament_index/resource_index/package_run_dependencies/visualization_marker_tutorials
[9.857s] -- Symlinking: /home/ubuntu/robot_ws/install/visualization_marker_tutorials/share/ament_index/resource_index/parent_prefix_path/visualization_marker_tutorials
[9.869s] -- Symlinking: /home/ubuntu/robot_ws/install/visualization_marker_tutorials/share/visualization_marker_tutorials/environment/ament_prefix_path.sh
[9.882s] -- Symlinking: /home/ubuntu/robot_ws/install/visualization_marker_tutorials/share/visualization_marker_tutorials/environment/ament_prefix_path.dsv
[9.895s] -- Symlinking: /home/ubuntu/robot_ws/install/visualization_marker_tutorials/share/visualization_marker_tutorials/environment/path.sh
[9.906s] -- Symlinking: /home/ubuntu/robot_ws/install/visualization_marker_tutorials/share/visualization_marker_tutorials/environment/path.dsv
[9.919s] -- Symlinking: /home/ubuntu/robot_ws/install/visualization_marker_tutorials/share/visualization_marker_tutorials/local_setup.bash
[9.931s] -- Symlinking: /home/ubuntu/robot_ws/install/visualization_marker_tutorials/share/visualization_marker_tutorials/local_setup.sh
[9.949s] -- Symlinking: /home/ubuntu/robot_ws/install/visualization_marker_tutorials/share/visualization_marker_tutorials/local_setup.zsh
[9.966s] -- Symlinking: /home/ubuntu/robot_ws/install/visualization_marker_tutorials/share/visualization_marker_tutorials/local_setup.dsv
[9.984s] -- Symlinking: /home/ubuntu/robot_ws/install/visualization_marker_tutorials/share/visualization_marker_tutorials/package.dsv
[10.002s] -- Symlinking: /home/ubuntu/robot_ws/install/visualization_marker_tutorials/share/ament_index/resource_index/packages/visualization_marker_tutorials
[10.021s] -- Symlinking: /home/ubuntu/robot_ws/install/visualization_marker_tutorials/share/visualization_marker_tutorials/cmake/ament_cmake_export_dependencies-extras.cmake
[10.038s] -- Symlinking: /home/ubuntu/robot_ws/install/visualization_marker_tutorials/share/visualization_marker_tutorials/cmake/visualization_marker_tutorialsConfig.cmake
[10.055s] -- Symlinking: /home/ubuntu/robot_ws/install/visualization_marker_tutorials/share/visualization_marker_tutorials/cmake/visualization_marker_tutorialsConfig-version.cmake
[10.072s] -- Symlinking: /home/ubuntu/robot_ws/install/visualization_marker_tutorials/share/visualization_marker_tutorials/package.xml
[10.092s] Invoked command in '/home/ubuntu/robot_ws/build/visualization_marker_tutorials' returned '0': CMAKE_PREFIX_PATH=${CMAKE_PREFIX_PATH}:/home/ubuntu/robot_ws/install/xv11_lidar_python:/home/ubuntu/robot_ws/install/serial_motor_demo:/home/ubuntu/robot_ws/install/joy_tester:/opt/ros/humble /usr/bin/cmake --install /home/ubuntu/robot_ws/build/visualization_marker_tutorials
